Compiling the C compiler identification source file "CMakeCCompilerId.c" failed.
Compiler: /usr/bin/arm-none-eabi-gcc 
Build flags: 
Id flags:  

The output was:
1
/usr/lib/gcc/arm-none-eabi/6.3.1/../../../arm-none-eabi/lib/libc.a(lib_a-exit.o): In function `exit':
/build/newlib-jo3xW1/newlib-2.4.0.20160527/build/arm-none-eabi/newlib/libc/stdlib/../../../../../newlib/libc/stdlib/exit.c:70: undefined reference to `_exit'
collect2: error: ld returned 1 exit status


Compiling the CXX compiler identification source file "CMakeCXXCompilerId.cpp" failed.
Compiler: /usr/bin/arm-none-eabi-g++ 
Build flags: 
Id flags:  

The output was:
1
/usr/lib/gcc/arm-none-eabi/6.3.1/../../../arm-none-eabi/lib/libc.a(lib_a-exit.o): In function `exit':
/build/newlib-jo3xW1/newlib-2.4.0.20160527/build/arm-none-eabi/newlib/libc/stdlib/../../../../../newlib/libc/stdlib/exit.c:70: undefined reference to `_exit'
collect2: error: ld returned 1 exit status


Detecting C compiler ABI info failed to compile with the following output:
Change Dir: /home/avinash/Github/WeBR/hAUptic-paddle/Software/devices/pico_allegroMR/build/CMakeFiles/CMakeTmp

Run Build Command(s):/usr/bin/make -f Makefile cmTC_11da9/fast && /usr/bin/make  -f CMakeFiles/cmTC_11da9.dir/build.make CMakeFiles/cmTC_11da9.dir/build
make[1]: Entering directory '/home/avinash/Github/WeBR/hAUptic-paddle/Software/devices/pico_allegroMR/build/CMakeFiles/CMakeTmp'
Building C object CMakeFiles/cmTC_11da9.dir/CMakeCCompilerABI.c.o
/usr/bin/arm-none-eabi-gcc   -v -o CMakeFiles/cmTC_11da9.dir/CMakeCCompilerABI.c.o -c /home/avinash/.local/lib/python2.7/site-packages/cmake/data/share/cmake-3.22/Modules/CMakeCCompilerABI.c
Using built-in specs.
COLLECT_GCC=/usr/bin/arm-none-eabi-gcc
Target: arm-none-eabi
Configured with: ../src/configure --build=x86_64-linux-gnu --prefix=/usr --includedir='/usr/lib/include' --mandir='/usr/lib/share/man' --infodir='/usr/lib/share/info' --sysconfdir=/etc --localstatedir=/var --disable-silent-rules --libdir='/usr/lib/lib/x86_64-linux-gnu' --libexecdir='/usr/lib/lib/x86_64-linux-gnu' --disable-maintainer-mode --disable-dependency-tracking --mandir=/usr/share/man --enable-languages=c,c++,lto --enable-multilib --disable-decimal-float --disable-libffi --disable-libgomp --disable-libmudflap --disable-libquadmath --disable-libssp --disable-libstdcxx-pch --disable-nls --disable-shared --disable-threads --disable-tls --build=x86_64-linux-gnu --target=arm-none-eabi --with-system-zlib --with-gnu-as --with-gnu-ld --with-pkgversion=15:6.3.1+svn253039-1build1 --without-included-gettext --prefix=/usr/lib --infodir=/usr/share/doc/gcc-arm-none-eabi/info --htmldir=/usr/share/doc/gcc-arm-none-eabi/html --pdfdir=/usr/share/doc/gcc-arm-none-eabi/pdf --bindir=/usr/bin --libexecdir=/usr/lib --libdir=/usr/lib --disable-libstdc++-v3 --host=x86_64-linux-gnu --with-headers=no --without-newlib --with-multilib-list=rmprofile CFLAGS='-g -O2 -fdebug-prefix-map=/build/gcc-arm-none-eabi-iopiMw/gcc-arm-none-eabi-6.3.1+svn253039=. -fstack-protector-strong' CPPFLAGS='-Wdate-time -D_FORTIFY_SOURCE=2' CXXFLAGS='-g -O2 -fdebug-prefix-map=/build/gcc-arm-none-eabi-iopiMw/gcc-arm-none-eabi-6.3.1+svn253039=. -fstack-protector-strong' FCFLAGS='-g -O2 -fdebug-prefix-map=/build/gcc-arm-none-eabi-iopiMw/gcc-arm-none-eabi-6.3.1+svn253039=. -fstack-protector-strong' FFLAGS='-g -O2 -fdebug-prefix-map=/build/gcc-arm-none-eabi-iopiMw/gcc-arm-none-eabi-6.3.1+svn253039=. -fstack-protector-strong' GCJFLAGS='-g -O2 -fdebug-prefix-map=/build/gcc-arm-none-eabi-iopiMw/gcc-arm-none-eabi-6.3.1+svn253039=. -fstack-protector-strong' LDFLAGS='-Wl,-Bsymbolic-functions -Wl,-z,relro' OBJCFLAGS='-g -O2 -fdebug-prefix-map=/build/gcc-arm-none-eabi-iopiMw/gcc-arm-none-eabi-6.3.1+svn253039=. -fstack-protector-strong' OBJCXXFLAGS='-g -O2 -fdebug-prefix-map=/build/gcc-arm-none-eabi-iopiMw/gcc-arm-none-eabi-6.3.1+svn253039=. -fstack-protector-strong' INHIBIT_LIBC_CFLAGS=-DUSE_TM_CLONE_REGISTRY=0 AR_FOR_TARGET=arm-none-eabi-ar AS_FOR_TARGET=arm-none-eabi-as LD_FOR_TARGET=arm-none-eabi-ld NM_FOR_TARGET=arm-none-eabi-nm OBJDUMP_FOR_TARGET=arm-none-eabi-objdump RANLIB_FOR_TARGET=arm-none-eabi-ranlib READELF_FOR_TARGET=arm-none-eabi-readelf STRIP_FOR_TARGET=arm-none-eabi-strip
Thread model: single
gcc version 6.3.1 20170620 (15:6.3.1+svn253039-1build1) 
COLLECT_GCC_OPTIONS='-v' '-o' 'CMakeFiles/cmTC_11da9.dir/CMakeCCompilerABI.c.o' '-c'
 /usr/lib/gcc/arm-none-eabi/6.3.1/cc1 -quiet -v -D__USES_INITFINI__ /home/avinash/.local/lib/python2.7/site-packages/cmake/data/share/cmake-3.22/Modules/CMakeCCompilerABI.c -quiet -dumpbase CMakeCCompilerABI.c -auxbase-strip CMakeFiles/cmTC_11da9.dir/CMakeCCompilerABI.c.o -version -o /tmp/ccbTgaix.s
GNU C11 (15:6.3.1+svn253039-1build1) version 6.3.1 20170620 (arm-none-eabi)
	compiled by GNU C version 7.2.0, GMP version 6.1.2, MPFR version 4.0.1-rc1, MPC version 1.1.0, isl version 0.15
warning: MPFR header version 4.0.1-rc1 differs from library version 4.0.1.
GGC heuristics: --param ggc-min-expand=100 --param ggc-min-heapsize=131072
ignoring nonexistent directory "/usr/lib/gcc/arm-none-eabi/6.3.1/../../../arm-none-eabi/sys-include"
#include "..." search starts here:
#include <...> search starts here:
 /usr/lib/gcc/arm-none-eabi/6.3.1/include
 /usr/lib/gcc/arm-none-eabi/6.3.1/include-fixed
 /usr/lib/gcc/arm-none-eabi/6.3.1/../../../arm-none-eabi/include
End of search list.
GNU C11 (15:6.3.1+svn253039-1build1) version 6.3.1 20170620 (arm-none-eabi)
	compiled by GNU C version 7.2.0, GMP version 6.1.2, MPFR version 4.0.1-rc1, MPC version 1.1.0, isl version 0.15
warning: MPFR header version 4.0.1-rc1 differs from library version 4.0.1.
GGC heuristics: --param ggc-min-expand=100 --param ggc-min-heapsize=131072
Compiler executable checksum: 3390469c3385c15ce695b94c5e1c198d
COLLECT_GCC_OPTIONS='-v' '-o' 'CMakeFiles/cmTC_11da9.dir/CMakeCCompilerABI.c.o' '-c'
 /usr/lib/gcc/arm-none-eabi/6.3.1/../../../arm-none-eabi/bin/as -v -meabi=5 -o CMakeFiles/cmTC_11da9.dir/CMakeCCompilerABI.c.o /tmp/ccbTgaix.s
GNU assembler version 2.27 (arm-none-eabi) using BFD version (2.27-9ubuntu1+9) 2.27
COMPILER_PATH=/usr/lib/gcc/arm-none-eabi/6.3.1/:/usr/lib/gcc/arm-none-eabi/6.3.1/:/usr/lib/gcc/arm-none-eabi/:/usr/lib/gcc/arm-none-eabi/6.3.1/:/usr/lib/gcc/arm-none-eabi/:/usr/lib/gcc/arm-none-eabi/6.3.1/../../../arm-none-eabi/bin/
LIBRARY_PATH=/usr/lib/gcc/arm-none-eabi/6.3.1/:/usr/lib/gcc/arm-none-eabi/6.3.1/../../../arm-none-eabi/lib/
COLLECT_GCC_OPTIONS='-v' '-o' 'CMakeFiles/cmTC_11da9.dir/CMakeCCompilerABI.c.o' '-c'
Linking C executable cmTC_11da9
/home/avinash/.local/lib/python2.7/site-packages/cmake/data/bin/cmake -E cmake_link_script CMakeFiles/cmTC_11da9.dir/link.txt --verbose=1
/usr/bin/arm-none-eabi-gcc  -v CMakeFiles/cmTC_11da9.dir/CMakeCCompilerABI.c.o -o cmTC_11da9 
Using built-in specs.
COLLECT_GCC=/usr/bin/arm-none-eabi-gcc
COLLECT_LTO_WRAPPER=/usr/lib/gcc/arm-none-eabi/6.3.1/lto-wrapper
Target: arm-none-eabi
Configured with: ../src/configure --build=x86_64-linux-gnu --prefix=/usr --includedir='/usr/lib/include' --mandir='/usr/lib/share/man' --infodir='/usr/lib/share/info' --sysconfdir=/etc --localstatedir=/var --disable-silent-rules --libdir='/usr/lib/lib/x86_64-linux-gnu' --libexecdir='/usr/lib/lib/x86_64-linux-gnu' --disable-maintainer-mode --disable-dependency-tracking --mandir=/usr/share/man --enable-languages=c,c++,lto --enable-multilib --disable-decimal-float --disable-libffi --disable-libgomp --disable-libmudflap --disable-libquadmath --disable-libssp --disable-libstdcxx-pch --disable-nls --disable-shared --disable-threads --disable-tls --build=x86_64-linux-gnu --target=arm-none-eabi --with-system-zlib --with-gnu-as --with-gnu-ld --with-pkgversion=15:6.3.1+svn253039-1build1 --without-included-gettext --prefix=/usr/lib --infodir=/usr/share/doc/gcc-arm-none-eabi/info --htmldir=/usr/share/doc/gcc-arm-none-eabi/html --pdfdir=/usr/share/doc/gcc-arm-none-eabi/pdf --bindir=/usr/bin --libexecdir=/usr/lib --libdir=/usr/lib --disable-libstdc++-v3 --host=x86_64-linux-gnu --with-headers=no --without-newlib --with-multilib-list=rmprofile CFLAGS='-g -O2 -fdebug-prefix-map=/build/gcc-arm-none-eabi-iopiMw/gcc-arm-none-eabi-6.3.1+svn253039=. -fstack-protector-strong' CPPFLAGS='-Wdate-time -D_FORTIFY_SOURCE=2' CXXFLAGS='-g -O2 -fdebug-prefix-map=/build/gcc-arm-none-eabi-iopiMw/gcc-arm-none-eabi-6.3.1+svn253039=. -fstack-protector-strong' FCFLAGS='-g -O2 -fdebug-prefix-map=/build/gcc-arm-none-eabi-iopiMw/gcc-arm-none-eabi-6.3.1+svn253039=. -fstack-protector-strong' FFLAGS='-g -O2 -fdebug-prefix-map=/build/gcc-arm-none-eabi-iopiMw/gcc-arm-none-eabi-6.3.1+svn253039=. -fstack-protector-strong' GCJFLAGS='-g -O2 -fdebug-prefix-map=/build/gcc-arm-none-eabi-iopiMw/gcc-arm-none-eabi-6.3.1+svn253039=. -fstack-protector-strong' LDFLAGS='-Wl,-Bsymbolic-functions -Wl,-z,relro' OBJCFLAGS='-g -O2 -fdebug-prefix-map=/build/gcc-arm-none-eabi-iopiMw/gcc-arm-none-eabi-6.3.1+svn253039=. -fstack-protector-strong' OBJCXXFLAGS='-g -O2 -fdebug-prefix-map=/build/gcc-arm-none-eabi-iopiMw/gcc-arm-none-eabi-6.3.1+svn253039=. -fstack-protector-strong' INHIBIT_LIBC_CFLAGS=-DUSE_TM_CLONE_REGISTRY=0 AR_FOR_TARGET=arm-none-eabi-ar AS_FOR_TARGET=arm-none-eabi-as LD_FOR_TARGET=arm-none-eabi-ld NM_FOR_TARGET=arm-none-eabi-nm OBJDUMP_FOR_TARGET=arm-none-eabi-objdump RANLIB_FOR_TARGET=arm-none-eabi-ranlib READELF_FOR_TARGET=arm-none-eabi-readelf STRIP_FOR_TARGET=arm-none-eabi-strip
Thread model: single
gcc version 6.3.1 20170620 (15:6.3.1+svn253039-1build1) 
COMPILER_PATH=/usr/lib/gcc/arm-none-eabi/6.3.1/:/usr/lib/gcc/arm-none-eabi/6.3.1/:/usr/lib/gcc/arm-none-eabi/:/usr/lib/gcc/arm-none-eabi/6.3.1/:/usr/lib/gcc/arm-none-eabi/:/usr/lib/gcc/arm-none-eabi/6.3.1/../../../arm-none-eabi/bin/
LIBRARY_PATH=/usr/lib/gcc/arm-none-eabi/6.3.1/:/usr/lib/gcc/arm-none-eabi/6.3.1/../../../arm-none-eabi/lib/
COLLECT_GCC_OPTIONS='-v' '-o' 'cmTC_11da9'
 /usr/lib/gcc/arm-none-eabi/6.3.1/collect2 -plugin /usr/lib/gcc/arm-none-eabi/6.3.1/liblto_plugin.so -plugin-opt=/usr/lib/gcc/arm-none-eabi/6.3.1/lto-wrapper -plugin-opt=-fresolution=/tmp/cctrfEHz.res -plugin-opt=-pass-through=-lgcc -plugin-opt=-pass-through=-lc -X -o cmTC_11da9 /usr/lib/gcc/arm-none-eabi/6.3.1/crti.o /usr/lib/gcc/arm-none-eabi/6.3.1/crtbegin.o /usr/lib/gcc/arm-none-eabi/6.3.1/../../../arm-none-eabi/lib/crt0.o -L/usr/lib/gcc/arm-none-eabi/6.3.1 -L/usr/lib/gcc/arm-none-eabi/6.3.1/../../../arm-none-eabi/lib CMakeFiles/cmTC_11da9.dir/CMakeCCompilerABI.c.o --start-group -lgcc -lc --end-group /usr/lib/gcc/arm-none-eabi/6.3.1/crtend.o /usr/lib/gcc/arm-none-eabi/6.3.1/crtn.o
/usr/lib/gcc/arm-none-eabi/6.3.1/../../../arm-none-eabi/lib/libc.a(lib_a-exit.o): In function `exit':
/build/newlib-jo3xW1/newlib-2.4.0.20160527/build/arm-none-eabi/newlib/libc/stdlib/../../../../../newlib/libc/stdlib/exit.c:70: undefined reference to `_exit'
collect2: error: ld returned 1 exit status
CMakeFiles/cmTC_11da9.dir/build.make:98: recipe for target 'cmTC_11da9' failed
make[1]: *** [cmTC_11da9] Error 1
make[1]: Leaving directory '/home/avinash/Github/WeBR/hAUptic-paddle/Software/devices/pico_allegroMR/build/CMakeFiles/CMakeTmp'
Makefile:127: recipe for target 'cmTC_11da9/fast' failed
make: *** [cmTC_11da9/fast] Error 2




Determining if the C compiler works failed with the following output:
Change Dir: /home/avinash/Github/WeBR/hAUptic-paddle/Software/devices/pico_allegroMR/build/CMakeFiles/CMakeTmp

Run Build Command(s):/usr/bin/make -f Makefile cmTC_41e43/fast && /usr/bin/make  -f CMakeFiles/cmTC_41e43.dir/build.make CMakeFiles/cmTC_41e43.dir/build
make[1]: Entering directory '/home/avinash/Github/WeBR/hAUptic-paddle/Software/devices/pico_allegroMR/build/CMakeFiles/CMakeTmp'
Building C object CMakeFiles/cmTC_41e43.dir/testCCompiler.c.o
/usr/bin/arm-none-eabi-gcc    -o CMakeFiles/cmTC_41e43.dir/testCCompiler.c.o -c /home/avinash/Github/WeBR/hAUptic-paddle/Software/devices/pico_allegroMR/build/CMakeFiles/CMakeTmp/testCCompiler.c
Linking C executable cmTC_41e43
/home/avinash/.local/lib/python2.7/site-packages/cmake/data/bin/cmake -E cmake_link_script CMakeFiles/cmTC_41e43.dir/link.txt --verbose=1
/usr/bin/arm-none-eabi-gcc CMakeFiles/cmTC_41e43.dir/testCCompiler.c.o -o cmTC_41e43 
/usr/lib/gcc/arm-none-eabi/6.3.1/../../../arm-none-eabi/lib/libc.a(lib_a-exit.o): In function `exit':
/build/newlib-jo3xW1/newlib-2.4.0.20160527/build/arm-none-eabi/newlib/libc/stdlib/../../../../../newlib/libc/stdlib/exit.c:70: undefined reference to `_exit'
collect2: error: ld returned 1 exit status
CMakeFiles/cmTC_41e43.dir/build.make:98: recipe for target 'cmTC_41e43' failed
make[1]: *** [cmTC_41e43] Error 1
make[1]: Leaving directory '/home/avinash/Github/WeBR/hAUptic-paddle/Software/devices/pico_allegroMR/build/CMakeFiles/CMakeTmp'
Makefile:127: recipe for target 'cmTC_41e43/fast' failed
make: *** [cmTC_41e43/fast] Error 2



Compiling the C compiler identification source file "CMakeCCompilerId.c" failed.
Compiler: /usr/bin/arm-none-eabi-gcc 
Build flags: 
Id flags:  

The output was:
1
/usr/lib/gcc/arm-none-eabi/6.3.1/../../../arm-none-eabi/lib/libc.a(lib_a-exit.o): In function `exit':
/build/newlib-jo3xW1/newlib-2.4.0.20160527/build/arm-none-eabi/newlib/libc/stdlib/../../../../../newlib/libc/stdlib/exit.c:70: undefined reference to `_exit'
collect2: error: ld returned 1 exit status


Compiling the CXX compiler identification source file "CMakeCXXCompilerId.cpp" failed.
Compiler: /usr/bin/arm-none-eabi-g++ 
Build flags: 
Id flags:  

The output was:
1
/usr/lib/gcc/arm-none-eabi/6.3.1/../../../arm-none-eabi/lib/libc.a(lib_a-exit.o): In function `exit':
/build/newlib-jo3xW1/newlib-2.4.0.20160527/build/arm-none-eabi/newlib/libc/stdlib/../../../../../newlib/libc/stdlib/exit.c:70: undefined reference to `_exit'
collect2: error: ld returned 1 exit status


Detecting C compiler ABI info failed to compile with the following output:
Change Dir: /home/avinash/Github/WeBR/hAUptic-paddle/Software/devices/pico_allegroMR/build/CMakeFiles/CMakeTmp

Run Build Command(s):/usr/bin/make -f Makefile cmTC_8f874/fast && /usr/bin/make  -f CMakeFiles/cmTC_8f874.dir/build.make CMakeFiles/cmTC_8f874.dir/build
make[1]: Entering directory '/home/avinash/Github/WeBR/hAUptic-paddle/Software/devices/pico_allegroMR/build/CMakeFiles/CMakeTmp'
Building C object CMakeFiles/cmTC_8f874.dir/CMakeCCompilerABI.c.o
/usr/bin/arm-none-eabi-gcc   -v -o CMakeFiles/cmTC_8f874.dir/CMakeCCompilerABI.c.o -c /home/avinash/.local/lib/python2.7/site-packages/cmake/data/share/cmake-3.22/Modules/CMakeCCompilerABI.c
Using built-in specs.
COLLECT_GCC=/usr/bin/arm-none-eabi-gcc
Target: arm-none-eabi
Configured with: ../src/configure --build=x86_64-linux-gnu --prefix=/usr --includedir='/usr/lib/include' --mandir='/usr/lib/share/man' --infodir='/usr/lib/share/info' --sysconfdir=/etc --localstatedir=/var --disable-silent-rules --libdir='/usr/lib/lib/x86_64-linux-gnu' --libexecdir='/usr/lib/lib/x86_64-linux-gnu' --disable-maintainer-mode --disable-dependency-tracking --mandir=/usr/share/man --enable-languages=c,c++,lto --enable-multilib --disable-decimal-float --disable-libffi --disable-libgomp --disable-libmudflap --disable-libquadmath --disable-libssp --disable-libstdcxx-pch --disable-nls --disable-shared --disable-threads --disable-tls --build=x86_64-linux-gnu --target=arm-none-eabi --with-system-zlib --with-gnu-as --with-gnu-ld --with-pkgversion=15:6.3.1+svn253039-1build1 --without-included-gettext --prefix=/usr/lib --infodir=/usr/share/doc/gcc-arm-none-eabi/info --htmldir=/usr/share/doc/gcc-arm-none-eabi/html --pdfdir=/usr/share/doc/gcc-arm-none-eabi/pdf --bindir=/usr/bin --libexecdir=/usr/lib --libdir=/usr/lib --disable-libstdc++-v3 --host=x86_64-linux-gnu --with-headers=no --without-newlib --with-multilib-list=rmprofile CFLAGS='-g -O2 -fdebug-prefix-map=/build/gcc-arm-none-eabi-iopiMw/gcc-arm-none-eabi-6.3.1+svn253039=. -fstack-protector-strong' CPPFLAGS='-Wdate-time -D_FORTIFY_SOURCE=2' CXXFLAGS='-g -O2 -fdebug-prefix-map=/build/gcc-arm-none-eabi-iopiMw/gcc-arm-none-eabi-6.3.1+svn253039=. -fstack-protector-strong' FCFLAGS='-g -O2 -fdebug-prefix-map=/build/gcc-arm-none-eabi-iopiMw/gcc-arm-none-eabi-6.3.1+svn253039=. -fstack-protector-strong' FFLAGS='-g -O2 -fdebug-prefix-map=/build/gcc-arm-none-eabi-iopiMw/gcc-arm-none-eabi-6.3.1+svn253039=. -fstack-protector-strong' GCJFLAGS='-g -O2 -fdebug-prefix-map=/build/gcc-arm-none-eabi-iopiMw/gcc-arm-none-eabi-6.3.1+svn253039=. -fstack-protector-strong' LDFLAGS='-Wl,-Bsymbolic-functions -Wl,-z,relro' OBJCFLAGS='-g -O2 -fdebug-prefix-map=/build/gcc-arm-none-eabi-iopiMw/gcc-arm-none-eabi-6.3.1+svn253039=. -fstack-protector-strong' OBJCXXFLAGS='-g -O2 -fdebug-prefix-map=/build/gcc-arm-none-eabi-iopiMw/gcc-arm-none-eabi-6.3.1+svn253039=. -fstack-protector-strong' INHIBIT_LIBC_CFLAGS=-DUSE_TM_CLONE_REGISTRY=0 AR_FOR_TARGET=arm-none-eabi-ar AS_FOR_TARGET=arm-none-eabi-as LD_FOR_TARGET=arm-none-eabi-ld NM_FOR_TARGET=arm-none-eabi-nm OBJDUMP_FOR_TARGET=arm-none-eabi-objdump RANLIB_FOR_TARGET=arm-none-eabi-ranlib READELF_FOR_TARGET=arm-none-eabi-readelf STRIP_FOR_TARGET=arm-none-eabi-strip
Thread model: single
gcc version 6.3.1 20170620 (15:6.3.1+svn253039-1build1) 
COLLECT_GCC_OPTIONS='-v' '-o' 'CMakeFiles/cmTC_8f874.dir/CMakeCCompilerABI.c.o' '-c'
 /usr/lib/gcc/arm-none-eabi/6.3.1/cc1 -quiet -v -D__USES_INITFINI__ /home/avinash/.local/lib/python2.7/site-packages/cmake/data/share/cmake-3.22/Modules/CMakeCCompilerABI.c -quiet -dumpbase CMakeCCompilerABI.c -auxbase-strip CMakeFiles/cmTC_8f874.dir/CMakeCCompilerABI.c.o -version -o /tmp/ccYuk69k.s
GNU C11 (15:6.3.1+svn253039-1build1) version 6.3.1 20170620 (arm-none-eabi)
	compiled by GNU C version 7.2.0, GMP version 6.1.2, MPFR version 4.0.1-rc1, MPC version 1.1.0, isl version 0.15
warning: MPFR header version 4.0.1-rc1 differs from library version 4.0.1.
GGC heuristics: --param ggc-min-expand=100 --param ggc-min-heapsize=131072
ignoring nonexistent directory "/usr/lib/gcc/arm-none-eabi/6.3.1/../../../arm-none-eabi/sys-include"
#include "..." search starts here:
#include <...> search starts here:
 /usr/lib/gcc/arm-none-eabi/6.3.1/include
 /usr/lib/gcc/arm-none-eabi/6.3.1/include-fixed
 /usr/lib/gcc/arm-none-eabi/6.3.1/../../../arm-none-eabi/include
End of search list.
GNU C11 (15:6.3.1+svn253039-1build1) version 6.3.1 20170620 (arm-none-eabi)
	compiled by GNU C version 7.2.0, GMP version 6.1.2, MPFR version 4.0.1-rc1, MPC version 1.1.0, isl version 0.15
warning: MPFR header version 4.0.1-rc1 differs from library version 4.0.1.
GGC heuristics: --param ggc-min-expand=100 --param ggc-min-heapsize=131072
Compiler executable checksum: 3390469c3385c15ce695b94c5e1c198d
COLLECT_GCC_OPTIONS='-v' '-o' 'CMakeFiles/cmTC_8f874.dir/CMakeCCompilerABI.c.o' '-c'
 /usr/lib/gcc/arm-none-eabi/6.3.1/../../../arm-none-eabi/bin/as -v -meabi=5 -o CMakeFiles/cmTC_8f874.dir/CMakeCCompilerABI.c.o /tmp/ccYuk69k.s
GNU assembler version 2.27 (arm-none-eabi) using BFD version (2.27-9ubuntu1+9) 2.27
COMPILER_PATH=/usr/lib/gcc/arm-none-eabi/6.3.1/:/usr/lib/gcc/arm-none-eabi/6.3.1/:/usr/lib/gcc/arm-none-eabi/:/usr/lib/gcc/arm-none-eabi/6.3.1/:/usr/lib/gcc/arm-none-eabi/:/usr/lib/gcc/arm-none-eabi/6.3.1/../../../arm-none-eabi/bin/
LIBRARY_PATH=/usr/lib/gcc/arm-none-eabi/6.3.1/:/usr/lib/gcc/arm-none-eabi/6.3.1/../../../arm-none-eabi/lib/
COLLECT_GCC_OPTIONS='-v' '-o' 'CMakeFiles/cmTC_8f874.dir/CMakeCCompilerABI.c.o' '-c'
Linking C executable cmTC_8f874
/home/avinash/.local/lib/python2.7/site-packages/cmake/data/bin/cmake -E cmake_link_script CMakeFiles/cmTC_8f874.dir/link.txt --verbose=1
/usr/bin/arm-none-eabi-gcc  -v CMakeFiles/cmTC_8f874.dir/CMakeCCompilerABI.c.o -o cmTC_8f874 
Using built-in specs.
COLLECT_GCC=/usr/bin/arm-none-eabi-gcc
COLLECT_LTO_WRAPPER=/usr/lib/gcc/arm-none-eabi/6.3.1/lto-wrapper
Target: arm-none-eabi
Configured with: ../src/configure --build=x86_64-linux-gnu --prefix=/usr --includedir='/usr/lib/include' --mandir='/usr/lib/share/man' --infodir='/usr/lib/share/info' --sysconfdir=/etc --localstatedir=/var --disable-silent-rules --libdir='/usr/lib/lib/x86_64-linux-gnu' --libexecdir='/usr/lib/lib/x86_64-linux-gnu' --disable-maintainer-mode --disable-dependency-tracking --mandir=/usr/share/man --enable-languages=c,c++,lto --enable-multilib --disable-decimal-float --disable-libffi --disable-libgomp --disable-libmudflap --disable-libquadmath --disable-libssp --disable-libstdcxx-pch --disable-nls --disable-shared --disable-threads --disable-tls --build=x86_64-linux-gnu --target=arm-none-eabi --with-system-zlib --with-gnu-as --with-gnu-ld --with-pkgversion=15:6.3.1+svn253039-1build1 --without-included-gettext --prefix=/usr/lib --infodir=/usr/share/doc/gcc-arm-none-eabi/info --htmldir=/usr/share/doc/gcc-arm-none-eabi/html --pdfdir=/usr/share/doc/gcc-arm-none-eabi/pdf --bindir=/usr/bin --libexecdir=/usr/lib --libdir=/usr/lib --disable-libstdc++-v3 --host=x86_64-linux-gnu --with-headers=no --without-newlib --with-multilib-list=rmprofile CFLAGS='-g -O2 -fdebug-prefix-map=/build/gcc-arm-none-eabi-iopiMw/gcc-arm-none-eabi-6.3.1+svn253039=. -fstack-protector-strong' CPPFLAGS='-Wdate-time -D_FORTIFY_SOURCE=2' CXXFLAGS='-g -O2 -fdebug-prefix-map=/build/gcc-arm-none-eabi-iopiMw/gcc-arm-none-eabi-6.3.1+svn253039=. -fstack-protector-strong' FCFLAGS='-g -O2 -fdebug-prefix-map=/build/gcc-arm-none-eabi-iopiMw/gcc-arm-none-eabi-6.3.1+svn253039=. -fstack-protector-strong' FFLAGS='-g -O2 -fdebug-prefix-map=/build/gcc-arm-none-eabi-iopiMw/gcc-arm-none-eabi-6.3.1+svn253039=. -fstack-protector-strong' GCJFLAGS='-g -O2 -fdebug-prefix-map=/build/gcc-arm-none-eabi-iopiMw/gcc-arm-none-eabi-6.3.1+svn253039=. -fstack-protector-strong' LDFLAGS='-Wl,-Bsymbolic-functions -Wl,-z,relro' OBJCFLAGS='-g -O2 -fdebug-prefix-map=/build/gcc-arm-none-eabi-iopiMw/gcc-arm-none-eabi-6.3.1+svn253039=. -fstack-protector-strong' OBJCXXFLAGS='-g -O2 -fdebug-prefix-map=/build/gcc-arm-none-eabi-iopiMw/gcc-arm-none-eabi-6.3.1+svn253039=. -fstack-protector-strong' INHIBIT_LIBC_CFLAGS=-DUSE_TM_CLONE_REGISTRY=0 AR_FOR_TARGET=arm-none-eabi-ar AS_FOR_TARGET=arm-none-eabi-as LD_FOR_TARGET=arm-none-eabi-ld NM_FOR_TARGET=arm-none-eabi-nm OBJDUMP_FOR_TARGET=arm-none-eabi-objdump RANLIB_FOR_TARGET=arm-none-eabi-ranlib READELF_FOR_TARGET=arm-none-eabi-readelf STRIP_FOR_TARGET=arm-none-eabi-strip
Thread model: single
gcc version 6.3.1 20170620 (15:6.3.1+svn253039-1build1) 
COMPILER_PATH=/usr/lib/gcc/arm-none-eabi/6.3.1/:/usr/lib/gcc/arm-none-eabi/6.3.1/:/usr/lib/gcc/arm-none-eabi/:/usr/lib/gcc/arm-none-eabi/6.3.1/:/usr/lib/gcc/arm-none-eabi/:/usr/lib/gcc/arm-none-eabi/6.3.1/../../../arm-none-eabi/bin/
LIBRARY_PATH=/usr/lib/gcc/arm-none-eabi/6.3.1/:/usr/lib/gcc/arm-none-eabi/6.3.1/../../../arm-none-eabi/lib/
COLLECT_GCC_OPTIONS='-v' '-o' 'cmTC_8f874'
 /usr/lib/gcc/arm-none-eabi/6.3.1/collect2 -plugin /usr/lib/gcc/arm-none-eabi/6.3.1/liblto_plugin.so -plugin-opt=/usr/lib/gcc/arm-none-eabi/6.3.1/lto-wrapper -plugin-opt=-fresolution=/tmp/ccIkz72n.res -plugin-opt=-pass-through=-lgcc -plugin-opt=-pass-through=-lc -X -o cmTC_8f874 /usr/lib/gcc/arm-none-eabi/6.3.1/crti.o /usr/lib/gcc/arm-none-eabi/6.3.1/crtbegin.o /usr/lib/gcc/arm-none-eabi/6.3.1/../../../arm-none-eabi/lib/crt0.o -L/usr/lib/gcc/arm-none-eabi/6.3.1 -L/usr/lib/gcc/arm-none-eabi/6.3.1/../../../arm-none-eabi/lib CMakeFiles/cmTC_8f874.dir/CMakeCCompilerABI.c.o --start-group -lgcc -lc --end-group /usr/lib/gcc/arm-none-eabi/6.3.1/crtend.o /usr/lib/gcc/arm-none-eabi/6.3.1/crtn.o
/usr/lib/gcc/arm-none-eabi/6.3.1/../../../arm-none-eabi/lib/libc.a(lib_a-exit.o): In function `exit':
/build/newlib-jo3xW1/newlib-2.4.0.20160527/build/arm-none-eabi/newlib/libc/stdlib/../../../../../newlib/libc/stdlib/exit.c:70: undefined reference to `_exit'
collect2: error: ld returned 1 exit status
CMakeFiles/cmTC_8f874.dir/build.make:98: recipe for target 'cmTC_8f874' failed
make[1]: *** [cmTC_8f874] Error 1
make[1]: Leaving directory '/home/avinash/Github/WeBR/hAUptic-paddle/Software/devices/pico_allegroMR/build/CMakeFiles/CMakeTmp'
Makefile:127: recipe for target 'cmTC_8f874/fast' failed
make: *** [cmTC_8f874/fast] Error 2




Determining if the C compiler works failed with the following output:
Change Dir: /home/avinash/Github/WeBR/hAUptic-paddle/Software/devices/pico_allegroMR/build/CMakeFiles/CMakeTmp

Run Build Command(s):/usr/bin/make -f Makefile cmTC_af4a7/fast && /usr/bin/make  -f CMakeFiles/cmTC_af4a7.dir/build.make CMakeFiles/cmTC_af4a7.dir/build
make[1]: Entering directory '/home/avinash/Github/WeBR/hAUptic-paddle/Software/devices/pico_allegroMR/build/CMakeFiles/CMakeTmp'
Building C object CMakeFiles/cmTC_af4a7.dir/testCCompiler.c.o
/usr/bin/arm-none-eabi-gcc    -o CMakeFiles/cmTC_af4a7.dir/testCCompiler.c.o -c /home/avinash/Github/WeBR/hAUptic-paddle/Software/devices/pico_allegroMR/build/CMakeFiles/CMakeTmp/testCCompiler.c
Linking C executable cmTC_af4a7
/home/avinash/.local/lib/python2.7/site-packages/cmake/data/bin/cmake -E cmake_link_script CMakeFiles/cmTC_af4a7.dir/link.txt --verbose=1
/usr/bin/arm-none-eabi-gcc CMakeFiles/cmTC_af4a7.dir/testCCompiler.c.o -o cmTC_af4a7 
/usr/lib/gcc/arm-none-eabi/6.3.1/../../../arm-none-eabi/lib/libc.a(lib_a-exit.o): In function `exit':
/build/newlib-jo3xW1/newlib-2.4.0.20160527/build/arm-none-eabi/newlib/libc/stdlib/../../../../../newlib/libc/stdlib/exit.c:70: undefined reference to `_exit'
collect2: error: ld returned 1 exit status
CMakeFiles/cmTC_af4a7.dir/build.make:98: recipe for target 'cmTC_af4a7' failed
make[1]: *** [cmTC_af4a7] Error 1
make[1]: Leaving directory '/home/avinash/Github/WeBR/hAUptic-paddle/Software/devices/pico_allegroMR/build/CMakeFiles/CMakeTmp'
Makefile:127: recipe for target 'cmTC_af4a7/fast' failed
make: *** [cmTC_af4a7/fast] Error 2



Compiling the C compiler identification source file "CMakeCCompilerId.c" failed.
Compiler: /usr/bin/arm-none-eabi-gcc 
Build flags: 
Id flags:  

The output was:
1
/usr/lib/gcc/arm-none-eabi/6.3.1/../../../arm-none-eabi/lib/libc.a(lib_a-exit.o): In function `exit':
/build/newlib-jo3xW1/newlib-2.4.0.20160527/build/arm-none-eabi/newlib/libc/stdlib/../../../../../newlib/libc/stdlib/exit.c:70: undefined reference to `_exit'
collect2: error: ld returned 1 exit status


Compiling the CXX compiler identification source file "CMakeCXXCompilerId.cpp" failed.
Compiler: /usr/bin/arm-none-eabi-g++ 
Build flags: 
Id flags:  

The output was:
1
/usr/lib/gcc/arm-none-eabi/6.3.1/../../../arm-none-eabi/lib/libc.a(lib_a-exit.o): In function `exit':
/build/newlib-jo3xW1/newlib-2.4.0.20160527/build/arm-none-eabi/newlib/libc/stdlib/../../../../../newlib/libc/stdlib/exit.c:70: undefined reference to `_exit'
collect2: error: ld returned 1 exit status


Detecting C compiler ABI info failed to compile with the following output:
Change Dir: /home/avinash/Github/WeBR/hAUptic-paddle/Software/devices/pico_allegroMR/build/CMakeFiles/CMakeTmp

Run Build Command(s):/usr/bin/make -f Makefile cmTC_b9f4c/fast && /usr/bin/make  -f CMakeFiles/cmTC_b9f4c.dir/build.make CMakeFiles/cmTC_b9f4c.dir/build
make[1]: Entering directory '/home/avinash/Github/WeBR/hAUptic-paddle/Software/devices/pico_allegroMR/build/CMakeFiles/CMakeTmp'
Building C object CMakeFiles/cmTC_b9f4c.dir/CMakeCCompilerABI.c.o
/usr/bin/arm-none-eabi-gcc   -v -o CMakeFiles/cmTC_b9f4c.dir/CMakeCCompilerABI.c.o -c /home/avinash/.local/lib/python2.7/site-packages/cmake/data/share/cmake-3.22/Modules/CMakeCCompilerABI.c
Using built-in specs.
COLLECT_GCC=/usr/bin/arm-none-eabi-gcc
Target: arm-none-eabi
Configured with: ../src/configure --build=x86_64-linux-gnu --prefix=/usr --includedir='/usr/lib/include' --mandir='/usr/lib/share/man' --infodir='/usr/lib/share/info' --sysconfdir=/etc --localstatedir=/var --disable-silent-rules --libdir='/usr/lib/lib/x86_64-linux-gnu' --libexecdir='/usr/lib/lib/x86_64-linux-gnu' --disable-maintainer-mode --disable-dependency-tracking --mandir=/usr/share/man --enable-languages=c,c++,lto --enable-multilib --disable-decimal-float --disable-libffi --disable-libgomp --disable-libmudflap --disable-libquadmath --disable-libssp --disable-libstdcxx-pch --disable-nls --disable-shared --disable-threads --disable-tls --build=x86_64-linux-gnu --target=arm-none-eabi --with-system-zlib --with-gnu-as --with-gnu-ld --with-pkgversion=15:6.3.1+svn253039-1build1 --without-included-gettext --prefix=/usr/lib --infodir=/usr/share/doc/gcc-arm-none-eabi/info --htmldir=/usr/share/doc/gcc-arm-none-eabi/html --pdfdir=/usr/share/doc/gcc-arm-none-eabi/pdf --bindir=/usr/bin --libexecdir=/usr/lib --libdir=/usr/lib --disable-libstdc++-v3 --host=x86_64-linux-gnu --with-headers=no --without-newlib --with-multilib-list=rmprofile CFLAGS='-g -O2 -fdebug-prefix-map=/build/gcc-arm-none-eabi-iopiMw/gcc-arm-none-eabi-6.3.1+svn253039=. -fstack-protector-strong' CPPFLAGS='-Wdate-time -D_FORTIFY_SOURCE=2' CXXFLAGS='-g -O2 -fdebug-prefix-map=/build/gcc-arm-none-eabi-iopiMw/gcc-arm-none-eabi-6.3.1+svn253039=. -fstack-protector-strong' FCFLAGS='-g -O2 -fdebug-prefix-map=/build/gcc-arm-none-eabi-iopiMw/gcc-arm-none-eabi-6.3.1+svn253039=. -fstack-protector-strong' FFLAGS='-g -O2 -fdebug-prefix-map=/build/gcc-arm-none-eabi-iopiMw/gcc-arm-none-eabi-6.3.1+svn253039=. -fstack-protector-strong' GCJFLAGS='-g -O2 -fdebug-prefix-map=/build/gcc-arm-none-eabi-iopiMw/gcc-arm-none-eabi-6.3.1+svn253039=. -fstack-protector-strong' LDFLAGS='-Wl,-Bsymbolic-functions -Wl,-z,relro' OBJCFLAGS='-g -O2 -fdebug-prefix-map=/build/gcc-arm-none-eabi-iopiMw/gcc-arm-none-eabi-6.3.1+svn253039=. -fstack-protector-strong' OBJCXXFLAGS='-g -O2 -fdebug-prefix-map=/build/gcc-arm-none-eabi-iopiMw/gcc-arm-none-eabi-6.3.1+svn253039=. -fstack-protector-strong' INHIBIT_LIBC_CFLAGS=-DUSE_TM_CLONE_REGISTRY=0 AR_FOR_TARGET=arm-none-eabi-ar AS_FOR_TARGET=arm-none-eabi-as LD_FOR_TARGET=arm-none-eabi-ld NM_FOR_TARGET=arm-none-eabi-nm OBJDUMP_FOR_TARGET=arm-none-eabi-objdump RANLIB_FOR_TARGET=arm-none-eabi-ranlib READELF_FOR_TARGET=arm-none-eabi-readelf STRIP_FOR_TARGET=arm-none-eabi-strip
Thread model: single
gcc version 6.3.1 20170620 (15:6.3.1+svn253039-1build1) 
COLLECT_GCC_OPTIONS='-v' '-o' 'CMakeFiles/cmTC_b9f4c.dir/CMakeCCompilerABI.c.o' '-c'
 /usr/lib/gcc/arm-none-eabi/6.3.1/cc1 -quiet -v -D__USES_INITFINI__ /home/avinash/.local/lib/python2.7/site-packages/cmake/data/share/cmake-3.22/Modules/CMakeCCompilerABI.c -quiet -dumpbase CMakeCCompilerABI.c -auxbase-strip CMakeFiles/cmTC_b9f4c.dir/CMakeCCompilerABI.c.o -version -o /tmp/cc6Q4uRQ.s
GNU C11 (15:6.3.1+svn253039-1build1) version 6.3.1 20170620 (arm-none-eabi)
	compiled by GNU C version 7.2.0, GMP version 6.1.2, MPFR version 4.0.1-rc1, MPC version 1.1.0, isl version 0.15
warning: MPFR header version 4.0.1-rc1 differs from library version 4.0.1.
GGC heuristics: --param ggc-min-expand=100 --param ggc-min-heapsize=131072
ignoring nonexistent directory "/usr/lib/gcc/arm-none-eabi/6.3.1/../../../arm-none-eabi/sys-include"
#include "..." search starts here:
#include <...> search starts here:
 /usr/lib/gcc/arm-none-eabi/6.3.1/include
 /usr/lib/gcc/arm-none-eabi/6.3.1/include-fixed
 /usr/lib/gcc/arm-none-eabi/6.3.1/../../../arm-none-eabi/include
End of search list.
GNU C11 (15:6.3.1+svn253039-1build1) version 6.3.1 20170620 (arm-none-eabi)
	compiled by GNU C version 7.2.0, GMP version 6.1.2, MPFR version 4.0.1-rc1, MPC version 1.1.0, isl version 0.15
warning: MPFR header version 4.0.1-rc1 differs from library version 4.0.1.
GGC heuristics: --param ggc-min-expand=100 --param ggc-min-heapsize=131072
Compiler executable checksum: 3390469c3385c15ce695b94c5e1c198d
COLLECT_GCC_OPTIONS='-v' '-o' 'CMakeFiles/cmTC_b9f4c.dir/CMakeCCompilerABI.c.o' '-c'
 /usr/lib/gcc/arm-none-eabi/6.3.1/../../../arm-none-eabi/bin/as -v -meabi=5 -o CMakeFiles/cmTC_b9f4c.dir/CMakeCCompilerABI.c.o /tmp/cc6Q4uRQ.s
GNU assembler version 2.27 (arm-none-eabi) using BFD version (2.27-9ubuntu1+9) 2.27
COMPILER_PATH=/usr/lib/gcc/arm-none-eabi/6.3.1/:/usr/lib/gcc/arm-none-eabi/6.3.1/:/usr/lib/gcc/arm-none-eabi/:/usr/lib/gcc/arm-none-eabi/6.3.1/:/usr/lib/gcc/arm-none-eabi/:/usr/lib/gcc/arm-none-eabi/6.3.1/../../../arm-none-eabi/bin/
LIBRARY_PATH=/usr/lib/gcc/arm-none-eabi/6.3.1/:/usr/lib/gcc/arm-none-eabi/6.3.1/../../../arm-none-eabi/lib/
COLLECT_GCC_OPTIONS='-v' '-o' 'CMakeFiles/cmTC_b9f4c.dir/CMakeCCompilerABI.c.o' '-c'
Linking C executable cmTC_b9f4c
/home/avinash/.local/lib/python2.7/site-packages/cmake/data/bin/cmake -E cmake_link_script CMakeFiles/cmTC_b9f4c.dir/link.txt --verbose=1
/usr/bin/arm-none-eabi-gcc  -v CMakeFiles/cmTC_b9f4c.dir/CMakeCCompilerABI.c.o -o cmTC_b9f4c 
Using built-in specs.
COLLECT_GCC=/usr/bin/arm-none-eabi-gcc
COLLECT_LTO_WRAPPER=/usr/lib/gcc/arm-none-eabi/6.3.1/lto-wrapper
Target: arm-none-eabi
Configured with: ../src/configure --build=x86_64-linux-gnu --prefix=/usr --includedir='/usr/lib/include' --mandir='/usr/lib/share/man' --infodir='/usr/lib/share/info' --sysconfdir=/etc --localstatedir=/var --disable-silent-rules --libdir='/usr/lib/lib/x86_64-linux-gnu' --libexecdir='/usr/lib/lib/x86_64-linux-gnu' --disable-maintainer-mode --disable-dependency-tracking --mandir=/usr/share/man --enable-languages=c,c++,lto --enable-multilib --disable-decimal-float --disable-libffi --disable-libgomp --disable-libmudflap --disable-libquadmath --disable-libssp --disable-libstdcxx-pch --disable-nls --disable-shared --disable-threads --disable-tls --build=x86_64-linux-gnu --target=arm-none-eabi --with-system-zlib --with-gnu-as --with-gnu-ld --with-pkgversion=15:6.3.1+svn253039-1build1 --without-included-gettext --prefix=/usr/lib --infodir=/usr/share/doc/gcc-arm-none-eabi/info --htmldir=/usr/share/doc/gcc-arm-none-eabi/html --pdfdir=/usr/share/doc/gcc-arm-none-eabi/pdf --bindir=/usr/bin --libexecdir=/usr/lib --libdir=/usr/lib --disable-libstdc++-v3 --host=x86_64-linux-gnu --with-headers=no --without-newlib --with-multilib-list=rmprofile CFLAGS='-g -O2 -fdebug-prefix-map=/build/gcc-arm-none-eabi-iopiMw/gcc-arm-none-eabi-6.3.1+svn253039=. -fstack-protector-strong' CPPFLAGS='-Wdate-time -D_FORTIFY_SOURCE=2' CXXFLAGS='-g -O2 -fdebug-prefix-map=/build/gcc-arm-none-eabi-iopiMw/gcc-arm-none-eabi-6.3.1+svn253039=. -fstack-protector-strong' FCFLAGS='-g -O2 -fdebug-prefix-map=/build/gcc-arm-none-eabi-iopiMw/gcc-arm-none-eabi-6.3.1+svn253039=. -fstack-protector-strong' FFLAGS='-g -O2 -fdebug-prefix-map=/build/gcc-arm-none-eabi-iopiMw/gcc-arm-none-eabi-6.3.1+svn253039=. -fstack-protector-strong' GCJFLAGS='-g -O2 -fdebug-prefix-map=/build/gcc-arm-none-eabi-iopiMw/gcc-arm-none-eabi-6.3.1+svn253039=. -fstack-protector-strong' LDFLAGS='-Wl,-Bsymbolic-functions -Wl,-z,relro' OBJCFLAGS='-g -O2 -fdebug-prefix-map=/build/gcc-arm-none-eabi-iopiMw/gcc-arm-none-eabi-6.3.1+svn253039=. -fstack-protector-strong' OBJCXXFLAGS='-g -O2 -fdebug-prefix-map=/build/gcc-arm-none-eabi-iopiMw/gcc-arm-none-eabi-6.3.1+svn253039=. -fstack-protector-strong' INHIBIT_LIBC_CFLAGS=-DUSE_TM_CLONE_REGISTRY=0 AR_FOR_TARGET=arm-none-eabi-ar AS_FOR_TARGET=arm-none-eabi-as LD_FOR_TARGET=arm-none-eabi-ld NM_FOR_TARGET=arm-none-eabi-nm OBJDUMP_FOR_TARGET=arm-none-eabi-objdump RANLIB_FOR_TARGET=arm-none-eabi-ranlib READELF_FOR_TARGET=arm-none-eabi-readelf STRIP_FOR_TARGET=arm-none-eabi-strip
Thread model: single
gcc version 6.3.1 20170620 (15:6.3.1+svn253039-1build1) 
COMPILER_PATH=/usr/lib/gcc/arm-none-eabi/6.3.1/:/usr/lib/gcc/arm-none-eabi/6.3.1/:/usr/lib/gcc/arm-none-eabi/:/usr/lib/gcc/arm-none-eabi/6.3.1/:/usr/lib/gcc/arm-none-eabi/:/usr/lib/gcc/arm-none-eabi/6.3.1/../../../arm-none-eabi/bin/
LIBRARY_PATH=/usr/lib/gcc/arm-none-eabi/6.3.1/:/usr/lib/gcc/arm-none-eabi/6.3.1/../../../arm-none-eabi/lib/
COLLECT_GCC_OPTIONS='-v' '-o' 'cmTC_b9f4c'
 /usr/lib/gcc/arm-none-eabi/6.3.1/collect2 -plugin /usr/lib/gcc/arm-none-eabi/6.3.1/liblto_plugin.so -plugin-opt=/usr/lib/gcc/arm-none-eabi/6.3.1/lto-wrapper -plugin-opt=-fresolution=/tmp/ccOkassS.res -plugin-opt=-pass-through=-lgcc -plugin-opt=-pass-through=-lc -X -o cmTC_b9f4c /usr/lib/gcc/arm-none-eabi/6.3.1/crti.o /usr/lib/gcc/arm-none-eabi/6.3.1/crtbegin.o /usr/lib/gcc/arm-none-eabi/6.3.1/../../../arm-none-eabi/lib/crt0.o -L/usr/lib/gcc/arm-none-eabi/6.3.1 -L/usr/lib/gcc/arm-none-eabi/6.3.1/../../../arm-none-eabi/lib CMakeFiles/cmTC_b9f4c.dir/CMakeCCompilerABI.c.o --start-group -lgcc -lc --end-group /usr/lib/gcc/arm-none-eabi/6.3.1/crtend.o /usr/lib/gcc/arm-none-eabi/6.3.1/crtn.o
/usr/lib/gcc/arm-none-eabi/6.3.1/../../../arm-none-eabi/lib/libc.a(lib_a-exit.o): In function `exit':
/build/newlib-jo3xW1/newlib-2.4.0.20160527/build/arm-none-eabi/newlib/libc/stdlib/../../../../../newlib/libc/stdlib/exit.c:70: undefined reference to `_exit'
collect2: error: ld returned 1 exit status
CMakeFiles/cmTC_b9f4c.dir/build.make:98: recipe for target 'cmTC_b9f4c' failed
make[1]: *** [cmTC_b9f4c] Error 1
make[1]: Leaving directory '/home/avinash/Github/WeBR/hAUptic-paddle/Software/devices/pico_allegroMR/build/CMakeFiles/CMakeTmp'
Makefile:127: recipe for target 'cmTC_b9f4c/fast' failed
make: *** [cmTC_b9f4c/fast] Error 2




Determining if the C compiler works failed with the following output:
Change Dir: /home/avinash/Github/WeBR/hAUptic-paddle/Software/devices/pico_allegroMR/build/CMakeFiles/CMakeTmp

Run Build Command(s):/usr/bin/make -f Makefile cmTC_a71a5/fast && /usr/bin/make  -f CMakeFiles/cmTC_a71a5.dir/build.make CMakeFiles/cmTC_a71a5.dir/build
make[1]: Entering directory '/home/avinash/Github/WeBR/hAUptic-paddle/Software/devices/pico_allegroMR/build/CMakeFiles/CMakeTmp'
Building C object CMakeFiles/cmTC_a71a5.dir/testCCompiler.c.o
/usr/bin/arm-none-eabi-gcc    -o CMakeFiles/cmTC_a71a5.dir/testCCompiler.c.o -c /home/avinash/Github/WeBR/hAUptic-paddle/Software/devices/pico_allegroMR/build/CMakeFiles/CMakeTmp/testCCompiler.c
Linking C executable cmTC_a71a5
/home/avinash/.local/lib/python2.7/site-packages/cmake/data/bin/cmake -E cmake_link_script CMakeFiles/cmTC_a71a5.dir/link.txt --verbose=1
/usr/bin/arm-none-eabi-gcc CMakeFiles/cmTC_a71a5.dir/testCCompiler.c.o -o cmTC_a71a5 
/usr/lib/gcc/arm-none-eabi/6.3.1/../../../arm-none-eabi/lib/libc.a(lib_a-exit.o): In function `exit':
/build/newlib-jo3xW1/newlib-2.4.0.20160527/build/arm-none-eabi/newlib/libc/stdlib/../../../../../newlib/libc/stdlib/exit.c:70: undefined reference to `_exit'
collect2: error: ld returned 1 exit status
CMakeFiles/cmTC_a71a5.dir/build.make:98: recipe for target 'cmTC_a71a5' failed
make[1]: *** [cmTC_a71a5] Error 1
make[1]: Leaving directory '/home/avinash/Github/WeBR/hAUptic-paddle/Software/devices/pico_allegroMR/build/CMakeFiles/CMakeTmp'
Makefile:127: recipe for target 'cmTC_a71a5/fast' failed
make: *** [cmTC_a71a5/fast] Error 2



Compiling the C compiler identification source file "CMakeCCompilerId.c" failed.
Compiler: /usr/bin/arm-none-eabi-gcc 
Build flags: 
Id flags:  

The output was:
1
/usr/lib/gcc/arm-none-eabi/6.3.1/../../../arm-none-eabi/lib/libc.a(lib_a-exit.o): In function `exit':
/build/newlib-jo3xW1/newlib-2.4.0.20160527/build/arm-none-eabi/newlib/libc/stdlib/../../../../../newlib/libc/stdlib/exit.c:70: undefined reference to `_exit'
collect2: error: ld returned 1 exit status


Compiling the CXX compiler identification source file "CMakeCXXCompilerId.cpp" failed.
Compiler: /usr/bin/arm-none-eabi-g++ 
Build flags: 
Id flags:  

The output was:
1
/usr/lib/gcc/arm-none-eabi/6.3.1/../../../arm-none-eabi/lib/libc.a(lib_a-exit.o): In function `exit':
/build/newlib-jo3xW1/newlib-2.4.0.20160527/build/arm-none-eabi/newlib/libc/stdlib/../../../../../newlib/libc/stdlib/exit.c:70: undefined reference to `_exit'
collect2: error: ld returned 1 exit status


Detecting C compiler ABI info failed to compile with the following output:
Change Dir: /home/avinash/Github/WeBR/hAUptic-paddle/Software/devices/pico_allegroMR/build/CMakeFiles/CMakeTmp

Run Build Command(s):/usr/bin/make -f Makefile cmTC_402da/fast && /usr/bin/make  -f CMakeFiles/cmTC_402da.dir/build.make CMakeFiles/cmTC_402da.dir/build
make[1]: Entering directory '/home/avinash/Github/WeBR/hAUptic-paddle/Software/devices/pico_allegroMR/build/CMakeFiles/CMakeTmp'
Building C object CMakeFiles/cmTC_402da.dir/CMakeCCompilerABI.c.o
/usr/bin/arm-none-eabi-gcc   -v -o CMakeFiles/cmTC_402da.dir/CMakeCCompilerABI.c.o -c /home/avinash/.local/lib/python2.7/site-packages/cmake/data/share/cmake-3.22/Modules/CMakeCCompilerABI.c
Using built-in specs.
COLLECT_GCC=/usr/bin/arm-none-eabi-gcc
Target: arm-none-eabi
Configured with: ../src/configure --build=x86_64-linux-gnu --prefix=/usr --includedir='/usr/lib/include' --mandir='/usr/lib/share/man' --infodir='/usr/lib/share/info' --sysconfdir=/etc --localstatedir=/var --disable-silent-rules --libdir='/usr/lib/lib/x86_64-linux-gnu' --libexecdir='/usr/lib/lib/x86_64-linux-gnu' --disable-maintainer-mode --disable-dependency-tracking --mandir=/usr/share/man --enable-languages=c,c++,lto --enable-multilib --disable-decimal-float --disable-libffi --disable-libgomp --disable-libmudflap --disable-libquadmath --disable-libssp --disable-libstdcxx-pch --disable-nls --disable-shared --disable-threads --disable-tls --build=x86_64-linux-gnu --target=arm-none-eabi --with-system-zlib --with-gnu-as --with-gnu-ld --with-pkgversion=15:6.3.1+svn253039-1build1 --without-included-gettext --prefix=/usr/lib --infodir=/usr/share/doc/gcc-arm-none-eabi/info --htmldir=/usr/share/doc/gcc-arm-none-eabi/html --pdfdir=/usr/share/doc/gcc-arm-none-eabi/pdf --bindir=/usr/bin --libexecdir=/usr/lib --libdir=/usr/lib --disable-libstdc++-v3 --host=x86_64-linux-gnu --with-headers=no --without-newlib --with-multilib-list=rmprofile CFLAGS='-g -O2 -fdebug-prefix-map=/build/gcc-arm-none-eabi-iopiMw/gcc-arm-none-eabi-6.3.1+svn253039=. -fstack-protector-strong' CPPFLAGS='-Wdate-time -D_FORTIFY_SOURCE=2' CXXFLAGS='-g -O2 -fdebug-prefix-map=/build/gcc-arm-none-eabi-iopiMw/gcc-arm-none-eabi-6.3.1+svn253039=. -fstack-protector-strong' FCFLAGS='-g -O2 -fdebug-prefix-map=/build/gcc-arm-none-eabi-iopiMw/gcc-arm-none-eabi-6.3.1+svn253039=. -fstack-protector-strong' FFLAGS='-g -O2 -fdebug-prefix-map=/build/gcc-arm-none-eabi-iopiMw/gcc-arm-none-eabi-6.3.1+svn253039=. -fstack-protector-strong' GCJFLAGS='-g -O2 -fdebug-prefix-map=/build/gcc-arm-none-eabi-iopiMw/gcc-arm-none-eabi-6.3.1+svn253039=. -fstack-protector-strong' LDFLAGS='-Wl,-Bsymbolic-functions -Wl,-z,relro' OBJCFLAGS='-g -O2 -fdebug-prefix-map=/build/gcc-arm-none-eabi-iopiMw/gcc-arm-none-eabi-6.3.1+svn253039=. -fstack-protector-strong' OBJCXXFLAGS='-g -O2 -fdebug-prefix-map=/build/gcc-arm-none-eabi-iopiMw/gcc-arm-none-eabi-6.3.1+svn253039=. -fstack-protector-strong' INHIBIT_LIBC_CFLAGS=-DUSE_TM_CLONE_REGISTRY=0 AR_FOR_TARGET=arm-none-eabi-ar AS_FOR_TARGET=arm-none-eabi-as LD_FOR_TARGET=arm-none-eabi-ld NM_FOR_TARGET=arm-none-eabi-nm OBJDUMP_FOR_TARGET=arm-none-eabi-objdump RANLIB_FOR_TARGET=arm-none-eabi-ranlib READELF_FOR_TARGET=arm-none-eabi-readelf STRIP_FOR_TARGET=arm-none-eabi-strip
Thread model: single
gcc version 6.3.1 20170620 (15:6.3.1+svn253039-1build1) 
COLLECT_GCC_OPTIONS='-v' '-o' 'CMakeFiles/cmTC_402da.dir/CMakeCCompilerABI.c.o' '-c'
 /usr/lib/gcc/arm-none-eabi/6.3.1/cc1 -quiet -v -D__USES_INITFINI__ /home/avinash/.local/lib/python2.7/site-packages/cmake/data/share/cmake-3.22/Modules/CMakeCCompilerABI.c -quiet -dumpbase CMakeCCompilerABI.c -auxbase-strip CMakeFiles/cmTC_402da.dir/CMakeCCompilerABI.c.o -version -o /tmp/ccUdZuNP.s
GNU C11 (15:6.3.1+svn253039-1build1) version 6.3.1 20170620 (arm-none-eabi)
	compiled by GNU C version 7.2.0, GMP version 6.1.2, MPFR version 4.0.1-rc1, MPC version 1.1.0, isl version 0.15
warning: MPFR header version 4.0.1-rc1 differs from library version 4.0.1.
GGC heuristics: --param ggc-min-expand=100 --param ggc-min-heapsize=131072
ignoring nonexistent directory "/usr/lib/gcc/arm-none-eabi/6.3.1/../../../arm-none-eabi/sys-include"
#include "..." search starts here:
#include <...> search starts here:
 /usr/lib/gcc/arm-none-eabi/6.3.1/include
 /usr/lib/gcc/arm-none-eabi/6.3.1/include-fixed
 /usr/lib/gcc/arm-none-eabi/6.3.1/../../../arm-none-eabi/include
End of search list.
GNU C11 (15:6.3.1+svn253039-1build1) version 6.3.1 20170620 (arm-none-eabi)
	compiled by GNU C version 7.2.0, GMP version 6.1.2, MPFR version 4.0.1-rc1, MPC version 1.1.0, isl version 0.15
warning: MPFR header version 4.0.1-rc1 differs from library version 4.0.1.
GGC heuristics: --param ggc-min-expand=100 --param ggc-min-heapsize=131072
Compiler executable checksum: 3390469c3385c15ce695b94c5e1c198d
COLLECT_GCC_OPTIONS='-v' '-o' 'CMakeFiles/cmTC_402da.dir/CMakeCCompilerABI.c.o' '-c'
 /usr/lib/gcc/arm-none-eabi/6.3.1/../../../arm-none-eabi/bin/as -v -meabi=5 -o CMakeFiles/cmTC_402da.dir/CMakeCCompilerABI.c.o /tmp/ccUdZuNP.s
GNU assembler version 2.27 (arm-none-eabi) using BFD version (2.27-9ubuntu1+9) 2.27
COMPILER_PATH=/usr/lib/gcc/arm-none-eabi/6.3.1/:/usr/lib/gcc/arm-none-eabi/6.3.1/:/usr/lib/gcc/arm-none-eabi/:/usr/lib/gcc/arm-none-eabi/6.3.1/:/usr/lib/gcc/arm-none-eabi/:/usr/lib/gcc/arm-none-eabi/6.3.1/../../../arm-none-eabi/bin/
LIBRARY_PATH=/usr/lib/gcc/arm-none-eabi/6.3.1/:/usr/lib/gcc/arm-none-eabi/6.3.1/../../../arm-none-eabi/lib/
COLLECT_GCC_OPTIONS='-v' '-o' 'CMakeFiles/cmTC_402da.dir/CMakeCCompilerABI.c.o' '-c'
Linking C executable cmTC_402da
/home/avinash/.local/lib/python2.7/site-packages/cmake/data/bin/cmake -E cmake_link_script CMakeFiles/cmTC_402da.dir/link.txt --verbose=1
/usr/bin/arm-none-eabi-gcc  -v CMakeFiles/cmTC_402da.dir/CMakeCCompilerABI.c.o -o cmTC_402da 
Using built-in specs.
COLLECT_GCC=/usr/bin/arm-none-eabi-gcc
COLLECT_LTO_WRAPPER=/usr/lib/gcc/arm-none-eabi/6.3.1/lto-wrapper
Target: arm-none-eabi
Configured with: ../src/configure --build=x86_64-linux-gnu --prefix=/usr --includedir='/usr/lib/include' --mandir='/usr/lib/share/man' --infodir='/usr/lib/share/info' --sysconfdir=/etc --localstatedir=/var --disable-silent-rules --libdir='/usr/lib/lib/x86_64-linux-gnu' --libexecdir='/usr/lib/lib/x86_64-linux-gnu' --disable-maintainer-mode --disable-dependency-tracking --mandir=/usr/share/man --enable-languages=c,c++,lto --enable-multilib --disable-decimal-float --disable-libffi --disable-libgomp --disable-libmudflap --disable-libquadmath --disable-libssp --disable-libstdcxx-pch --disable-nls --disable-shared --disable-threads --disable-tls --build=x86_64-linux-gnu --target=arm-none-eabi --with-system-zlib --with-gnu-as --with-gnu-ld --with-pkgversion=15:6.3.1+svn253039-1build1 --without-included-gettext --prefix=/usr/lib --infodir=/usr/share/doc/gcc-arm-none-eabi/info --htmldir=/usr/share/doc/gcc-arm-none-eabi/html --pdfdir=/usr/share/doc/gcc-arm-none-eabi/pdf --bindir=/usr/bin --libexecdir=/usr/lib --libdir=/usr/lib --disable-libstdc++-v3 --host=x86_64-linux-gnu --with-headers=no --without-newlib --with-multilib-list=rmprofile CFLAGS='-g -O2 -fdebug-prefix-map=/build/gcc-arm-none-eabi-iopiMw/gcc-arm-none-eabi-6.3.1+svn253039=. -fstack-protector-strong' CPPFLAGS='-Wdate-time -D_FORTIFY_SOURCE=2' CXXFLAGS='-g -O2 -fdebug-prefix-map=/build/gcc-arm-none-eabi-iopiMw/gcc-arm-none-eabi-6.3.1+svn253039=. -fstack-protector-strong' FCFLAGS='-g -O2 -fdebug-prefix-map=/build/gcc-arm-none-eabi-iopiMw/gcc-arm-none-eabi-6.3.1+svn253039=. -fstack-protector-strong' FFLAGS='-g -O2 -fdebug-prefix-map=/build/gcc-arm-none-eabi-iopiMw/gcc-arm-none-eabi-6.3.1+svn253039=. -fstack-protector-strong' GCJFLAGS='-g -O2 -fdebug-prefix-map=/build/gcc-arm-none-eabi-iopiMw/gcc-arm-none-eabi-6.3.1+svn253039=. -fstack-protector-strong' LDFLAGS='-Wl,-Bsymbolic-functions -Wl,-z,relro' OBJCFLAGS='-g -O2 -fdebug-prefix-map=/build/gcc-arm-none-eabi-iopiMw/gcc-arm-none-eabi-6.3.1+svn253039=. -fstack-protector-strong' OBJCXXFLAGS='-g -O2 -fdebug-prefix-map=/build/gcc-arm-none-eabi-iopiMw/gcc-arm-none-eabi-6.3.1+svn253039=. -fstack-protector-strong' INHIBIT_LIBC_CFLAGS=-DUSE_TM_CLONE_REGISTRY=0 AR_FOR_TARGET=arm-none-eabi-ar AS_FOR_TARGET=arm-none-eabi-as LD_FOR_TARGET=arm-none-eabi-ld NM_FOR_TARGET=arm-none-eabi-nm OBJDUMP_FOR_TARGET=arm-none-eabi-objdump RANLIB_FOR_TARGET=arm-none-eabi-ranlib READELF_FOR_TARGET=arm-none-eabi-readelf STRIP_FOR_TARGET=arm-none-eabi-strip
Thread model: single
gcc version 6.3.1 20170620 (15:6.3.1+svn253039-1build1) 
COMPILER_PATH=/usr/lib/gcc/arm-none-eabi/6.3.1/:/usr/lib/gcc/arm-none-eabi/6.3.1/:/usr/lib/gcc/arm-none-eabi/:/usr/lib/gcc/arm-none-eabi/6.3.1/:/usr/lib/gcc/arm-none-eabi/:/usr/lib/gcc/arm-none-eabi/6.3.1/../../../arm-none-eabi/bin/
LIBRARY_PATH=/usr/lib/gcc/arm-none-eabi/6.3.1/:/usr/lib/gcc/arm-none-eabi/6.3.1/../../../arm-none-eabi/lib/
COLLECT_GCC_OPTIONS='-v' '-o' 'cmTC_402da'
 /usr/lib/gcc/arm-none-eabi/6.3.1/collect2 -plugin /usr/lib/gcc/arm-none-eabi/6.3.1/liblto_plugin.so -plugin-opt=/usr/lib/gcc/arm-none-eabi/6.3.1/lto-wrapper -plugin-opt=-fresolution=/tmp/cco0sdcS.res -plugin-opt=-pass-through=-lgcc -plugin-opt=-pass-through=-lc -X -o cmTC_402da /usr/lib/gcc/arm-none-eabi/6.3.1/crti.o /usr/lib/gcc/arm-none-eabi/6.3.1/crtbegin.o /usr/lib/gcc/arm-none-eabi/6.3.1/../../../arm-none-eabi/lib/crt0.o -L/usr/lib/gcc/arm-none-eabi/6.3.1 -L/usr/lib/gcc/arm-none-eabi/6.3.1/../../../arm-none-eabi/lib CMakeFiles/cmTC_402da.dir/CMakeCCompilerABI.c.o --start-group -lgcc -lc --end-group /usr/lib/gcc/arm-none-eabi/6.3.1/crtend.o /usr/lib/gcc/arm-none-eabi/6.3.1/crtn.o
/usr/lib/gcc/arm-none-eabi/6.3.1/../../../arm-none-eabi/lib/libc.a(lib_a-exit.o): In function `exit':
/build/newlib-jo3xW1/newlib-2.4.0.20160527/build/arm-none-eabi/newlib/libc/stdlib/../../../../../newlib/libc/stdlib/exit.c:70: undefined reference to `_exit'
collect2: error: ld returned 1 exit status
CMakeFiles/cmTC_402da.dir/build.make:98: recipe for target 'cmTC_402da' failed
make[1]: *** [cmTC_402da] Error 1
make[1]: Leaving directory '/home/avinash/Github/WeBR/hAUptic-paddle/Software/devices/pico_allegroMR/build/CMakeFiles/CMakeTmp'
Makefile:127: recipe for target 'cmTC_402da/fast' failed
make: *** [cmTC_402da/fast] Error 2




Determining if the C compiler works failed with the following output:
Change Dir: /home/avinash/Github/WeBR/hAUptic-paddle/Software/devices/pico_allegroMR/build/CMakeFiles/CMakeTmp

Run Build Command(s):/usr/bin/make -f Makefile cmTC_c62da/fast && /usr/bin/make  -f CMakeFiles/cmTC_c62da.dir/build.make CMakeFiles/cmTC_c62da.dir/build
make[1]: Entering directory '/home/avinash/Github/WeBR/hAUptic-paddle/Software/devices/pico_allegroMR/build/CMakeFiles/CMakeTmp'
Building C object CMakeFiles/cmTC_c62da.dir/testCCompiler.c.o
/usr/bin/arm-none-eabi-gcc    -o CMakeFiles/cmTC_c62da.dir/testCCompiler.c.o -c /home/avinash/Github/WeBR/hAUptic-paddle/Software/devices/pico_allegroMR/build/CMakeFiles/CMakeTmp/testCCompiler.c
Linking C executable cmTC_c62da
/home/avinash/.local/lib/python2.7/site-packages/cmake/data/bin/cmake -E cmake_link_script CMakeFiles/cmTC_c62da.dir/link.txt --verbose=1
/usr/bin/arm-none-eabi-gcc CMakeFiles/cmTC_c62da.dir/testCCompiler.c.o -o cmTC_c62da 
/usr/lib/gcc/arm-none-eabi/6.3.1/../../../arm-none-eabi/lib/libc.a(lib_a-exit.o): In function `exit':
/build/newlib-jo3xW1/newlib-2.4.0.20160527/build/arm-none-eabi/newlib/libc/stdlib/../../../../../newlib/libc/stdlib/exit.c:70: undefined reference to `_exit'
collect2: error: ld returned 1 exit status
CMakeFiles/cmTC_c62da.dir/build.make:98: recipe for target 'cmTC_c62da' failed
make[1]: *** [cmTC_c62da] Error 1
make[1]: Leaving directory '/home/avinash/Github/WeBR/hAUptic-paddle/Software/devices/pico_allegroMR/build/CMakeFiles/CMakeTmp'
Makefile:127: recipe for target 'cmTC_c62da/fast' failed
make: *** [cmTC_c62da/fast] Error 2



Compiling the C compiler identification source file "CMakeCCompilerId.c" failed.
Compiler: /usr/bin/arm-none-eabi-gcc 
Build flags: 
Id flags:  

The output was:
1
/usr/lib/gcc/arm-none-eabi/6.3.1/../../../arm-none-eabi/lib/libc.a(lib_a-exit.o): In function `exit':
/build/newlib-jo3xW1/newlib-2.4.0.20160527/build/arm-none-eabi/newlib/libc/stdlib/../../../../../newlib/libc/stdlib/exit.c:70: undefined reference to `_exit'
collect2: error: ld returned 1 exit status


Compiling the CXX compiler identification source file "CMakeCXXCompilerId.cpp" failed.
Compiler: /usr/bin/arm-none-eabi-g++ 
Build flags: 
Id flags:  

The output was:
1
/usr/lib/gcc/arm-none-eabi/6.3.1/../../../arm-none-eabi/lib/libc.a(lib_a-exit.o): In function `exit':
/build/newlib-jo3xW1/newlib-2.4.0.20160527/build/arm-none-eabi/newlib/libc/stdlib/../../../../../newlib/libc/stdlib/exit.c:70: undefined reference to `_exit'
collect2: error: ld returned 1 exit status


Detecting C compiler ABI info failed to compile with the following output:
Change Dir: /home/avinash/Github/WeBR/hAUptic-paddle/Software/devices/pico_allegroMR/build/CMakeFiles/CMakeTmp

Run Build Command(s):/usr/bin/make -f Makefile cmTC_58881/fast && /usr/bin/make  -f CMakeFiles/cmTC_58881.dir/build.make CMakeFiles/cmTC_58881.dir/build
make[1]: Entering directory '/home/avinash/Github/WeBR/hAUptic-paddle/Software/devices/pico_allegroMR/build/CMakeFiles/CMakeTmp'
Building C object CMakeFiles/cmTC_58881.dir/CMakeCCompilerABI.c.o
/usr/bin/arm-none-eabi-gcc   -v -o CMakeFiles/cmTC_58881.dir/CMakeCCompilerABI.c.o -c /home/avinash/.local/lib/python2.7/site-packages/cmake/data/share/cmake-3.22/Modules/CMakeCCompilerABI.c
Using built-in specs.
COLLECT_GCC=/usr/bin/arm-none-eabi-gcc
Target: arm-none-eabi
Configured with: ../src/configure --build=x86_64-linux-gnu --prefix=/usr --includedir='/usr/lib/include' --mandir='/usr/lib/share/man' --infodir='/usr/lib/share/info' --sysconfdir=/etc --localstatedir=/var --disable-silent-rules --libdir='/usr/lib/lib/x86_64-linux-gnu' --libexecdir='/usr/lib/lib/x86_64-linux-gnu' --disable-maintainer-mode --disable-dependency-tracking --mandir=/usr/share/man --enable-languages=c,c++,lto --enable-multilib --disable-decimal-float --disable-libffi --disable-libgomp --disable-libmudflap --disable-libquadmath --disable-libssp --disable-libstdcxx-pch --disable-nls --disable-shared --disable-threads --disable-tls --build=x86_64-linux-gnu --target=arm-none-eabi --with-system-zlib --with-gnu-as --with-gnu-ld --with-pkgversion=15:6.3.1+svn253039-1build1 --without-included-gettext --prefix=/usr/lib --infodir=/usr/share/doc/gcc-arm-none-eabi/info --htmldir=/usr/share/doc/gcc-arm-none-eabi/html --pdfdir=/usr/share/doc/gcc-arm-none-eabi/pdf --bindir=/usr/bin --libexecdir=/usr/lib --libdir=/usr/lib --disable-libstdc++-v3 --host=x86_64-linux-gnu --with-headers=no --without-newlib --with-multilib-list=rmprofile CFLAGS='-g -O2 -fdebug-prefix-map=/build/gcc-arm-none-eabi-iopiMw/gcc-arm-none-eabi-6.3.1+svn253039=. -fstack-protector-strong' CPPFLAGS='-Wdate-time -D_FORTIFY_SOURCE=2' CXXFLAGS='-g -O2 -fdebug-prefix-map=/build/gcc-arm-none-eabi-iopiMw/gcc-arm-none-eabi-6.3.1+svn253039=. -fstack-protector-strong' FCFLAGS='-g -O2 -fdebug-prefix-map=/build/gcc-arm-none-eabi-iopiMw/gcc-arm-none-eabi-6.3.1+svn253039=. -fstack-protector-strong' FFLAGS='-g -O2 -fdebug-prefix-map=/build/gcc-arm-none-eabi-iopiMw/gcc-arm-none-eabi-6.3.1+svn253039=. -fstack-protector-strong' GCJFLAGS='-g -O2 -fdebug-prefix-map=/build/gcc-arm-none-eabi-iopiMw/gcc-arm-none-eabi-6.3.1+svn253039=. -fstack-protector-strong' LDFLAGS='-Wl,-Bsymbolic-functions -Wl,-z,relro' OBJCFLAGS='-g -O2 -fdebug-prefix-map=/build/gcc-arm-none-eabi-iopiMw/gcc-arm-none-eabi-6.3.1+svn253039=. -fstack-protector-strong' OBJCXXFLAGS='-g -O2 -fdebug-prefix-map=/build/gcc-arm-none-eabi-iopiMw/gcc-arm-none-eabi-6.3.1+svn253039=. -fstack-protector-strong' INHIBIT_LIBC_CFLAGS=-DUSE_TM_CLONE_REGISTRY=0 AR_FOR_TARGET=arm-none-eabi-ar AS_FOR_TARGET=arm-none-eabi-as LD_FOR_TARGET=arm-none-eabi-ld NM_FOR_TARGET=arm-none-eabi-nm OBJDUMP_FOR_TARGET=arm-none-eabi-objdump RANLIB_FOR_TARGET=arm-none-eabi-ranlib READELF_FOR_TARGET=arm-none-eabi-readelf STRIP_FOR_TARGET=arm-none-eabi-strip
Thread model: single
gcc version 6.3.1 20170620 (15:6.3.1+svn253039-1build1) 
COLLECT_GCC_OPTIONS='-v' '-o' 'CMakeFiles/cmTC_58881.dir/CMakeCCompilerABI.c.o' '-c'
 /usr/lib/gcc/arm-none-eabi/6.3.1/cc1 -quiet -v -D__USES_INITFINI__ /home/avinash/.local/lib/python2.7/site-packages/cmake/data/share/cmake-3.22/Modules/CMakeCCompilerABI.c -quiet -dumpbase CMakeCCompilerABI.c -auxbase-strip CMakeFiles/cmTC_58881.dir/CMakeCCompilerABI.c.o -version -o /tmp/ccWMkZe0.s
GNU C11 (15:6.3.1+svn253039-1build1) version 6.3.1 20170620 (arm-none-eabi)
	compiled by GNU C version 7.2.0, GMP version 6.1.2, MPFR version 4.0.1-rc1, MPC version 1.1.0, isl version 0.15
warning: MPFR header version 4.0.1-rc1 differs from library version 4.0.1.
GGC heuristics: --param ggc-min-expand=100 --param ggc-min-heapsize=131072
ignoring nonexistent directory "/usr/lib/gcc/arm-none-eabi/6.3.1/../../../arm-none-eabi/sys-include"
#include "..." search starts here:
#include <...> search starts here:
 /usr/lib/gcc/arm-none-eabi/6.3.1/include
 /usr/lib/gcc/arm-none-eabi/6.3.1/include-fixed
 /usr/lib/gcc/arm-none-eabi/6.3.1/../../../arm-none-eabi/include
End of search list.
GNU C11 (15:6.3.1+svn253039-1build1) version 6.3.1 20170620 (arm-none-eabi)
	compiled by GNU C version 7.2.0, GMP version 6.1.2, MPFR version 4.0.1-rc1, MPC version 1.1.0, isl version 0.15
warning: MPFR header version 4.0.1-rc1 differs from library version 4.0.1.
GGC heuristics: --param ggc-min-expand=100 --param ggc-min-heapsize=131072
Compiler executable checksum: 3390469c3385c15ce695b94c5e1c198d
COLLECT_GCC_OPTIONS='-v' '-o' 'CMakeFiles/cmTC_58881.dir/CMakeCCompilerABI.c.o' '-c'
 /usr/lib/gcc/arm-none-eabi/6.3.1/../../../arm-none-eabi/bin/as -v -meabi=5 -o CMakeFiles/cmTC_58881.dir/CMakeCCompilerABI.c.o /tmp/ccWMkZe0.s
GNU assembler version 2.27 (arm-none-eabi) using BFD version (2.27-9ubuntu1+9) 2.27
COMPILER_PATH=/usr/lib/gcc/arm-none-eabi/6.3.1/:/usr/lib/gcc/arm-none-eabi/6.3.1/:/usr/lib/gcc/arm-none-eabi/:/usr/lib/gcc/arm-none-eabi/6.3.1/:/usr/lib/gcc/arm-none-eabi/:/usr/lib/gcc/arm-none-eabi/6.3.1/../../../arm-none-eabi/bin/
LIBRARY_PATH=/usr/lib/gcc/arm-none-eabi/6.3.1/:/usr/lib/gcc/arm-none-eabi/6.3.1/../../../arm-none-eabi/lib/
COLLECT_GCC_OPTIONS='-v' '-o' 'CMakeFiles/cmTC_58881.dir/CMakeCCompilerABI.c.o' '-c'
Linking C executable cmTC_58881
/home/avinash/.local/lib/python2.7/site-packages/cmake/data/bin/cmake -E cmake_link_script CMakeFiles/cmTC_58881.dir/link.txt --verbose=1
/usr/bin/arm-none-eabi-gcc  -v CMakeFiles/cmTC_58881.dir/CMakeCCompilerABI.c.o -o cmTC_58881 
Using built-in specs.
COLLECT_GCC=/usr/bin/arm-none-eabi-gcc
COLLECT_LTO_WRAPPER=/usr/lib/gcc/arm-none-eabi/6.3.1/lto-wrapper
Target: arm-none-eabi
Configured with: ../src/configure --build=x86_64-linux-gnu --prefix=/usr --includedir='/usr/lib/include' --mandir='/usr/lib/share/man' --infodir='/usr/lib/share/info' --sysconfdir=/etc --localstatedir=/var --disable-silent-rules --libdir='/usr/lib/lib/x86_64-linux-gnu' --libexecdir='/usr/lib/lib/x86_64-linux-gnu' --disable-maintainer-mode --disable-dependency-tracking --mandir=/usr/share/man --enable-languages=c,c++,lto --enable-multilib --disable-decimal-float --disable-libffi --disable-libgomp --disable-libmudflap --disable-libquadmath --disable-libssp --disable-libstdcxx-pch --disable-nls --disable-shared --disable-threads --disable-tls --build=x86_64-linux-gnu --target=arm-none-eabi --with-system-zlib --with-gnu-as --with-gnu-ld --with-pkgversion=15:6.3.1+svn253039-1build1 --without-included-gettext --prefix=/usr/lib --infodir=/usr/share/doc/gcc-arm-none-eabi/info --htmldir=/usr/share/doc/gcc-arm-none-eabi/html --pdfdir=/usr/share/doc/gcc-arm-none-eabi/pdf --bindir=/usr/bin --libexecdir=/usr/lib --libdir=/usr/lib --disable-libstdc++-v3 --host=x86_64-linux-gnu --with-headers=no --without-newlib --with-multilib-list=rmprofile CFLAGS='-g -O2 -fdebug-prefix-map=/build/gcc-arm-none-eabi-iopiMw/gcc-arm-none-eabi-6.3.1+svn253039=. -fstack-protector-strong' CPPFLAGS='-Wdate-time -D_FORTIFY_SOURCE=2' CXXFLAGS='-g -O2 -fdebug-prefix-map=/build/gcc-arm-none-eabi-iopiMw/gcc-arm-none-eabi-6.3.1+svn253039=. -fstack-protector-strong' FCFLAGS='-g -O2 -fdebug-prefix-map=/build/gcc-arm-none-eabi-iopiMw/gcc-arm-none-eabi-6.3.1+svn253039=. -fstack-protector-strong' FFLAGS='-g -O2 -fdebug-prefix-map=/build/gcc-arm-none-eabi-iopiMw/gcc-arm-none-eabi-6.3.1+svn253039=. -fstack-protector-strong' GCJFLAGS='-g -O2 -fdebug-prefix-map=/build/gcc-arm-none-eabi-iopiMw/gcc-arm-none-eabi-6.3.1+svn253039=. -fstack-protector-strong' LDFLAGS='-Wl,-Bsymbolic-functions -Wl,-z,relro' OBJCFLAGS='-g -O2 -fdebug-prefix-map=/build/gcc-arm-none-eabi-iopiMw/gcc-arm-none-eabi-6.3.1+svn253039=. -fstack-protector-strong' OBJCXXFLAGS='-g -O2 -fdebug-prefix-map=/build/gcc-arm-none-eabi-iopiMw/gcc-arm-none-eabi-6.3.1+svn253039=. -fstack-protector-strong' INHIBIT_LIBC_CFLAGS=-DUSE_TM_CLONE_REGISTRY=0 AR_FOR_TARGET=arm-none-eabi-ar AS_FOR_TARGET=arm-none-eabi-as LD_FOR_TARGET=arm-none-eabi-ld NM_FOR_TARGET=arm-none-eabi-nm OBJDUMP_FOR_TARGET=arm-none-eabi-objdump RANLIB_FOR_TARGET=arm-none-eabi-ranlib READELF_FOR_TARGET=arm-none-eabi-readelf STRIP_FOR_TARGET=arm-none-eabi-strip
Thread model: single
gcc version 6.3.1 20170620 (15:6.3.1+svn253039-1build1) 
COMPILER_PATH=/usr/lib/gcc/arm-none-eabi/6.3.1/:/usr/lib/gcc/arm-none-eabi/6.3.1/:/usr/lib/gcc/arm-none-eabi/:/usr/lib/gcc/arm-none-eabi/6.3.1/:/usr/lib/gcc/arm-none-eabi/:/usr/lib/gcc/arm-none-eabi/6.3.1/../../../arm-none-eabi/bin/
LIBRARY_PATH=/usr/lib/gcc/arm-none-eabi/6.3.1/:/usr/lib/gcc/arm-none-eabi/6.3.1/../../../arm-none-eabi/lib/
COLLECT_GCC_OPTIONS='-v' '-o' 'cmTC_58881'
 /usr/lib/gcc/arm-none-eabi/6.3.1/collect2 -plugin /usr/lib/gcc/arm-none-eabi/6.3.1/liblto_plugin.so -plugin-opt=/usr/lib/gcc/arm-none-eabi/6.3.1/lto-wrapper -plugin-opt=-fresolution=/tmp/cc5dAA51.res -plugin-opt=-pass-through=-lgcc -plugin-opt=-pass-through=-lc -X -o cmTC_58881 /usr/lib/gcc/arm-none-eabi/6.3.1/crti.o /usr/lib/gcc/arm-none-eabi/6.3.1/crtbegin.o /usr/lib/gcc/arm-none-eabi/6.3.1/../../../arm-none-eabi/lib/crt0.o -L/usr/lib/gcc/arm-none-eabi/6.3.1 -L/usr/lib/gcc/arm-none-eabi/6.3.1/../../../arm-none-eabi/lib CMakeFiles/cmTC_58881.dir/CMakeCCompilerABI.c.o --start-group -lgcc -lc --end-group /usr/lib/gcc/arm-none-eabi/6.3.1/crtend.o /usr/lib/gcc/arm-none-eabi/6.3.1/crtn.o
/usr/lib/gcc/arm-none-eabi/6.3.1/../../../arm-none-eabi/lib/libc.a(lib_a-exit.o): In function `exit':
/build/newlib-jo3xW1/newlib-2.4.0.20160527/build/arm-none-eabi/newlib/libc/stdlib/../../../../../newlib/libc/stdlib/exit.c:70: undefined reference to `_exit'
collect2: error: ld returned 1 exit status
CMakeFiles/cmTC_58881.dir/build.make:98: recipe for target 'cmTC_58881' failed
make[1]: *** [cmTC_58881] Error 1
make[1]: Leaving directory '/home/avinash/Github/WeBR/hAUptic-paddle/Software/devices/pico_allegroMR/build/CMakeFiles/CMakeTmp'
Makefile:127: recipe for target 'cmTC_58881/fast' failed
make: *** [cmTC_58881/fast] Error 2




Determining if the C compiler works failed with the following output:
Change Dir: /home/avinash/Github/WeBR/hAUptic-paddle/Software/devices/pico_allegroMR/build/CMakeFiles/CMakeTmp

Run Build Command(s):/usr/bin/make -f Makefile cmTC_44770/fast && /usr/bin/make  -f CMakeFiles/cmTC_44770.dir/build.make CMakeFiles/cmTC_44770.dir/build
make[1]: Entering directory '/home/avinash/Github/WeBR/hAUptic-paddle/Software/devices/pico_allegroMR/build/CMakeFiles/CMakeTmp'
Building C object CMakeFiles/cmTC_44770.dir/testCCompiler.c.o
/usr/bin/arm-none-eabi-gcc    -o CMakeFiles/cmTC_44770.dir/testCCompiler.c.o -c /home/avinash/Github/WeBR/hAUptic-paddle/Software/devices/pico_allegroMR/build/CMakeFiles/CMakeTmp/testCCompiler.c
Linking C executable cmTC_44770
/home/avinash/.local/lib/python2.7/site-packages/cmake/data/bin/cmake -E cmake_link_script CMakeFiles/cmTC_44770.dir/link.txt --verbose=1
/usr/bin/arm-none-eabi-gcc CMakeFiles/cmTC_44770.dir/testCCompiler.c.o -o cmTC_44770 
/usr/lib/gcc/arm-none-eabi/6.3.1/../../../arm-none-eabi/lib/libc.a(lib_a-exit.o): In function `exit':
/build/newlib-jo3xW1/newlib-2.4.0.20160527/build/arm-none-eabi/newlib/libc/stdlib/../../../../../newlib/libc/stdlib/exit.c:70: undefined reference to `_exit'
collect2: error: ld returned 1 exit status
CMakeFiles/cmTC_44770.dir/build.make:98: recipe for target 'cmTC_44770' failed
make[1]: *** [cmTC_44770] Error 1
make[1]: Leaving directory '/home/avinash/Github/WeBR/hAUptic-paddle/Software/devices/pico_allegroMR/build/CMakeFiles/CMakeTmp'
Makefile:127: recipe for target 'cmTC_44770/fast' failed
make: *** [cmTC_44770/fast] Error 2



Compiling the C compiler identification source file "CMakeCCompilerId.c" failed.
Compiler: /usr/bin/arm-none-eabi-gcc 
Build flags: 
Id flags:  

The output was:
1
/usr/lib/gcc/arm-none-eabi/6.3.1/../../../arm-none-eabi/lib/libc.a(lib_a-exit.o): In function `exit':
/build/newlib-jo3xW1/newlib-2.4.0.20160527/build/arm-none-eabi/newlib/libc/stdlib/../../../../../newlib/libc/stdlib/exit.c:70: undefined reference to `_exit'
collect2: error: ld returned 1 exit status


Compiling the CXX compiler identification source file "CMakeCXXCompilerId.cpp" failed.
Compiler: /usr/bin/arm-none-eabi-g++ 
Build flags: 
Id flags:  

The output was:
1
/usr/lib/gcc/arm-none-eabi/6.3.1/../../../arm-none-eabi/lib/libc.a(lib_a-exit.o): In function `exit':
/build/newlib-jo3xW1/newlib-2.4.0.20160527/build/arm-none-eabi/newlib/libc/stdlib/../../../../../newlib/libc/stdlib/exit.c:70: undefined reference to `_exit'
collect2: error: ld returned 1 exit status


Detecting C compiler ABI info failed to compile with the following output:
Change Dir: /home/avinash/Github/WeBR/hAUptic-paddle/Software/devices/pico_allegroMR/build/CMakeFiles/CMakeTmp

Run Build Command(s):/usr/bin/make -f Makefile cmTC_3f9a3/fast && /usr/bin/make  -f CMakeFiles/cmTC_3f9a3.dir/build.make CMakeFiles/cmTC_3f9a3.dir/build
make[1]: Entering directory '/home/avinash/Github/WeBR/hAUptic-paddle/Software/devices/pico_allegroMR/build/CMakeFiles/CMakeTmp'
Building C object CMakeFiles/cmTC_3f9a3.dir/CMakeCCompilerABI.c.o
/usr/bin/arm-none-eabi-gcc   -v -o CMakeFiles/cmTC_3f9a3.dir/CMakeCCompilerABI.c.o -c /home/avinash/.local/lib/python2.7/site-packages/cmake/data/share/cmake-3.22/Modules/CMakeCCompilerABI.c
Using built-in specs.
COLLECT_GCC=/usr/bin/arm-none-eabi-gcc
Target: arm-none-eabi
Configured with: ../src/configure --build=x86_64-linux-gnu --prefix=/usr --includedir='/usr/lib/include' --mandir='/usr/lib/share/man' --infodir='/usr/lib/share/info' --sysconfdir=/etc --localstatedir=/var --disable-silent-rules --libdir='/usr/lib/lib/x86_64-linux-gnu' --libexecdir='/usr/lib/lib/x86_64-linux-gnu' --disable-maintainer-mode --disable-dependency-tracking --mandir=/usr/share/man --enable-languages=c,c++,lto --enable-multilib --disable-decimal-float --disable-libffi --disable-libgomp --disable-libmudflap --disable-libquadmath --disable-libssp --disable-libstdcxx-pch --disable-nls --disable-shared --disable-threads --disable-tls --build=x86_64-linux-gnu --target=arm-none-eabi --with-system-zlib --with-gnu-as --with-gnu-ld --with-pkgversion=15:6.3.1+svn253039-1build1 --without-included-gettext --prefix=/usr/lib --infodir=/usr/share/doc/gcc-arm-none-eabi/info --htmldir=/usr/share/doc/gcc-arm-none-eabi/html --pdfdir=/usr/share/doc/gcc-arm-none-eabi/pdf --bindir=/usr/bin --libexecdir=/usr/lib --libdir=/usr/lib --disable-libstdc++-v3 --host=x86_64-linux-gnu --with-headers=no --without-newlib --with-multilib-list=rmprofile CFLAGS='-g -O2 -fdebug-prefix-map=/build/gcc-arm-none-eabi-iopiMw/gcc-arm-none-eabi-6.3.1+svn253039=. -fstack-protector-strong' CPPFLAGS='-Wdate-time -D_FORTIFY_SOURCE=2' CXXFLAGS='-g -O2 -fdebug-prefix-map=/build/gcc-arm-none-eabi-iopiMw/gcc-arm-none-eabi-6.3.1+svn253039=. -fstack-protector-strong' FCFLAGS='-g -O2 -fdebug-prefix-map=/build/gcc-arm-none-eabi-iopiMw/gcc-arm-none-eabi-6.3.1+svn253039=. -fstack-protector-strong' FFLAGS='-g -O2 -fdebug-prefix-map=/build/gcc-arm-none-eabi-iopiMw/gcc-arm-none-eabi-6.3.1+svn253039=. -fstack-protector-strong' GCJFLAGS='-g -O2 -fdebug-prefix-map=/build/gcc-arm-none-eabi-iopiMw/gcc-arm-none-eabi-6.3.1+svn253039=. -fstack-protector-strong' LDFLAGS='-Wl,-Bsymbolic-functions -Wl,-z,relro' OBJCFLAGS='-g -O2 -fdebug-prefix-map=/build/gcc-arm-none-eabi-iopiMw/gcc-arm-none-eabi-6.3.1+svn253039=. -fstack-protector-strong' OBJCXXFLAGS='-g -O2 -fdebug-prefix-map=/build/gcc-arm-none-eabi-iopiMw/gcc-arm-none-eabi-6.3.1+svn253039=. -fstack-protector-strong' INHIBIT_LIBC_CFLAGS=-DUSE_TM_CLONE_REGISTRY=0 AR_FOR_TARGET=arm-none-eabi-ar AS_FOR_TARGET=arm-none-eabi-as LD_FOR_TARGET=arm-none-eabi-ld NM_FOR_TARGET=arm-none-eabi-nm OBJDUMP_FOR_TARGET=arm-none-eabi-objdump RANLIB_FOR_TARGET=arm-none-eabi-ranlib READELF_FOR_TARGET=arm-none-eabi-readelf STRIP_FOR_TARGET=arm-none-eabi-strip
Thread model: single
gcc version 6.3.1 20170620 (15:6.3.1+svn253039-1build1) 
COLLECT_GCC_OPTIONS='-v' '-o' 'CMakeFiles/cmTC_3f9a3.dir/CMakeCCompilerABI.c.o' '-c'
 /usr/lib/gcc/arm-none-eabi/6.3.1/cc1 -quiet -v -D__USES_INITFINI__ /home/avinash/.local/lib/python2.7/site-packages/cmake/data/share/cmake-3.22/Modules/CMakeCCompilerABI.c -quiet -dumpbase CMakeCCompilerABI.c -auxbase-strip CMakeFiles/cmTC_3f9a3.dir/CMakeCCompilerABI.c.o -version -o /tmp/cc4UnxcA.s
GNU C11 (15:6.3.1+svn253039-1build1) version 6.3.1 20170620 (arm-none-eabi)
	compiled by GNU C version 7.2.0, GMP version 6.1.2, MPFR version 4.0.1-rc1, MPC version 1.1.0, isl version 0.15
warning: MPFR header version 4.0.1-rc1 differs from library version 4.0.1.
GGC heuristics: --param ggc-min-expand=100 --param ggc-min-heapsize=131072
ignoring nonexistent directory "/usr/lib/gcc/arm-none-eabi/6.3.1/../../../arm-none-eabi/sys-include"
#include "..." search starts here:
#include <...> search starts here:
 /usr/lib/gcc/arm-none-eabi/6.3.1/include
 /usr/lib/gcc/arm-none-eabi/6.3.1/include-fixed
 /usr/lib/gcc/arm-none-eabi/6.3.1/../../../arm-none-eabi/include
End of search list.
GNU C11 (15:6.3.1+svn253039-1build1) version 6.3.1 20170620 (arm-none-eabi)
	compiled by GNU C version 7.2.0, GMP version 6.1.2, MPFR version 4.0.1-rc1, MPC version 1.1.0, isl version 0.15
warning: MPFR header version 4.0.1-rc1 differs from library version 4.0.1.
GGC heuristics: --param ggc-min-expand=100 --param ggc-min-heapsize=131072
Compiler executable checksum: 3390469c3385c15ce695b94c5e1c198d
COLLECT_GCC_OPTIONS='-v' '-o' 'CMakeFiles/cmTC_3f9a3.dir/CMakeCCompilerABI.c.o' '-c'
 /usr/lib/gcc/arm-none-eabi/6.3.1/../../../arm-none-eabi/bin/as -v -meabi=5 -o CMakeFiles/cmTC_3f9a3.dir/CMakeCCompilerABI.c.o /tmp/cc4UnxcA.s
GNU assembler version 2.27 (arm-none-eabi) using BFD version (2.27-9ubuntu1+9) 2.27
COMPILER_PATH=/usr/lib/gcc/arm-none-eabi/6.3.1/:/usr/lib/gcc/arm-none-eabi/6.3.1/:/usr/lib/gcc/arm-none-eabi/:/usr/lib/gcc/arm-none-eabi/6.3.1/:/usr/lib/gcc/arm-none-eabi/:/usr/lib/gcc/arm-none-eabi/6.3.1/../../../arm-none-eabi/bin/
LIBRARY_PATH=/usr/lib/gcc/arm-none-eabi/6.3.1/:/usr/lib/gcc/arm-none-eabi/6.3.1/../../../arm-none-eabi/lib/
COLLECT_GCC_OPTIONS='-v' '-o' 'CMakeFiles/cmTC_3f9a3.dir/CMakeCCompilerABI.c.o' '-c'
Linking C executable cmTC_3f9a3
/home/avinash/.local/lib/python2.7/site-packages/cmake/data/bin/cmake -E cmake_link_script CMakeFiles/cmTC_3f9a3.dir/link.txt --verbose=1
/usr/bin/arm-none-eabi-gcc  -v CMakeFiles/cmTC_3f9a3.dir/CMakeCCompilerABI.c.o -o cmTC_3f9a3 
Using built-in specs.
COLLECT_GCC=/usr/bin/arm-none-eabi-gcc
COLLECT_LTO_WRAPPER=/usr/lib/gcc/arm-none-eabi/6.3.1/lto-wrapper
Target: arm-none-eabi
Configured with: ../src/configure --build=x86_64-linux-gnu --prefix=/usr --includedir='/usr/lib/include' --mandir='/usr/lib/share/man' --infodir='/usr/lib/share/info' --sysconfdir=/etc --localstatedir=/var --disable-silent-rules --libdir='/usr/lib/lib/x86_64-linux-gnu' --libexecdir='/usr/lib/lib/x86_64-linux-gnu' --disable-maintainer-mode --disable-dependency-tracking --mandir=/usr/share/man --enable-languages=c,c++,lto --enable-multilib --disable-decimal-float --disable-libffi --disable-libgomp --disable-libmudflap --disable-libquadmath --disable-libssp --disable-libstdcxx-pch --disable-nls --disable-shared --disable-threads --disable-tls --build=x86_64-linux-gnu --target=arm-none-eabi --with-system-zlib --with-gnu-as --with-gnu-ld --with-pkgversion=15:6.3.1+svn253039-1build1 --without-included-gettext --prefix=/usr/lib --infodir=/usr/share/doc/gcc-arm-none-eabi/info --htmldir=/usr/share/doc/gcc-arm-none-eabi/html --pdfdir=/usr/share/doc/gcc-arm-none-eabi/pdf --bindir=/usr/bin --libexecdir=/usr/lib --libdir=/usr/lib --disable-libstdc++-v3 --host=x86_64-linux-gnu --with-headers=no --without-newlib --with-multilib-list=rmprofile CFLAGS='-g -O2 -fdebug-prefix-map=/build/gcc-arm-none-eabi-iopiMw/gcc-arm-none-eabi-6.3.1+svn253039=. -fstack-protector-strong' CPPFLAGS='-Wdate-time -D_FORTIFY_SOURCE=2' CXXFLAGS='-g -O2 -fdebug-prefix-map=/build/gcc-arm-none-eabi-iopiMw/gcc-arm-none-eabi-6.3.1+svn253039=. -fstack-protector-strong' FCFLAGS='-g -O2 -fdebug-prefix-map=/build/gcc-arm-none-eabi-iopiMw/gcc-arm-none-eabi-6.3.1+svn253039=. -fstack-protector-strong' FFLAGS='-g -O2 -fdebug-prefix-map=/build/gcc-arm-none-eabi-iopiMw/gcc-arm-none-eabi-6.3.1+svn253039=. -fstack-protector-strong' GCJFLAGS='-g -O2 -fdebug-prefix-map=/build/gcc-arm-none-eabi-iopiMw/gcc-arm-none-eabi-6.3.1+svn253039=. -fstack-protector-strong' LDFLAGS='-Wl,-Bsymbolic-functions -Wl,-z,relro' OBJCFLAGS='-g -O2 -fdebug-prefix-map=/build/gcc-arm-none-eabi-iopiMw/gcc-arm-none-eabi-6.3.1+svn253039=. -fstack-protector-strong' OBJCXXFLAGS='-g -O2 -fdebug-prefix-map=/build/gcc-arm-none-eabi-iopiMw/gcc-arm-none-eabi-6.3.1+svn253039=. -fstack-protector-strong' INHIBIT_LIBC_CFLAGS=-DUSE_TM_CLONE_REGISTRY=0 AR_FOR_TARGET=arm-none-eabi-ar AS_FOR_TARGET=arm-none-eabi-as LD_FOR_TARGET=arm-none-eabi-ld NM_FOR_TARGET=arm-none-eabi-nm OBJDUMP_FOR_TARGET=arm-none-eabi-objdump RANLIB_FOR_TARGET=arm-none-eabi-ranlib READELF_FOR_TARGET=arm-none-eabi-readelf STRIP_FOR_TARGET=arm-none-eabi-strip
Thread model: single
gcc version 6.3.1 20170620 (15:6.3.1+svn253039-1build1) 
COMPILER_PATH=/usr/lib/gcc/arm-none-eabi/6.3.1/:/usr/lib/gcc/arm-none-eabi/6.3.1/:/usr/lib/gcc/arm-none-eabi/:/usr/lib/gcc/arm-none-eabi/6.3.1/:/usr/lib/gcc/arm-none-eabi/:/usr/lib/gcc/arm-none-eabi/6.3.1/../../../arm-none-eabi/bin/
LIBRARY_PATH=/usr/lib/gcc/arm-none-eabi/6.3.1/:/usr/lib/gcc/arm-none-eabi/6.3.1/../../../arm-none-eabi/lib/
COLLECT_GCC_OPTIONS='-v' '-o' 'cmTC_3f9a3'
 /usr/lib/gcc/arm-none-eabi/6.3.1/collect2 -plugin /usr/lib/gcc/arm-none-eabi/6.3.1/liblto_plugin.so -plugin-opt=/usr/lib/gcc/arm-none-eabi/6.3.1/lto-wrapper -plugin-opt=-fresolution=/tmp/ccR9mqeC.res -plugin-opt=-pass-through=-lgcc -plugin-opt=-pass-through=-lc -X -o cmTC_3f9a3 /usr/lib/gcc/arm-none-eabi/6.3.1/crti.o /usr/lib/gcc/arm-none-eabi/6.3.1/crtbegin.o /usr/lib/gcc/arm-none-eabi/6.3.1/../../../arm-none-eabi/lib/crt0.o -L/usr/lib/gcc/arm-none-eabi/6.3.1 -L/usr/lib/gcc/arm-none-eabi/6.3.1/../../../arm-none-eabi/lib CMakeFiles/cmTC_3f9a3.dir/CMakeCCompilerABI.c.o --start-group -lgcc -lc --end-group /usr/lib/gcc/arm-none-eabi/6.3.1/crtend.o /usr/lib/gcc/arm-none-eabi/6.3.1/crtn.o
/usr/lib/gcc/arm-none-eabi/6.3.1/../../../arm-none-eabi/lib/libc.a(lib_a-exit.o): In function `exit':
/build/newlib-jo3xW1/newlib-2.4.0.20160527/build/arm-none-eabi/newlib/libc/stdlib/../../../../../newlib/libc/stdlib/exit.c:70: undefined reference to `_exit'
collect2: error: ld returned 1 exit status
CMakeFiles/cmTC_3f9a3.dir/build.make:98: recipe for target 'cmTC_3f9a3' failed
make[1]: *** [cmTC_3f9a3] Error 1
make[1]: Leaving directory '/home/avinash/Github/WeBR/hAUptic-paddle/Software/devices/pico_allegroMR/build/CMakeFiles/CMakeTmp'
Makefile:127: recipe for target 'cmTC_3f9a3/fast' failed
make: *** [cmTC_3f9a3/fast] Error 2




Determining if the C compiler works failed with the following output:
Change Dir: /home/avinash/Github/WeBR/hAUptic-paddle/Software/devices/pico_allegroMR/build/CMakeFiles/CMakeTmp

Run Build Command(s):/usr/bin/make -f Makefile cmTC_79eaa/fast && /usr/bin/make  -f CMakeFiles/cmTC_79eaa.dir/build.make CMakeFiles/cmTC_79eaa.dir/build
make[1]: Entering directory '/home/avinash/Github/WeBR/hAUptic-paddle/Software/devices/pico_allegroMR/build/CMakeFiles/CMakeTmp'
Building C object CMakeFiles/cmTC_79eaa.dir/testCCompiler.c.o
/usr/bin/arm-none-eabi-gcc    -o CMakeFiles/cmTC_79eaa.dir/testCCompiler.c.o -c /home/avinash/Github/WeBR/hAUptic-paddle/Software/devices/pico_allegroMR/build/CMakeFiles/CMakeTmp/testCCompiler.c
Linking C executable cmTC_79eaa
/home/avinash/.local/lib/python2.7/site-packages/cmake/data/bin/cmake -E cmake_link_script CMakeFiles/cmTC_79eaa.dir/link.txt --verbose=1
/usr/bin/arm-none-eabi-gcc CMakeFiles/cmTC_79eaa.dir/testCCompiler.c.o -o cmTC_79eaa 
/usr/lib/gcc/arm-none-eabi/6.3.1/../../../arm-none-eabi/lib/libc.a(lib_a-exit.o): In function `exit':
/build/newlib-jo3xW1/newlib-2.4.0.20160527/build/arm-none-eabi/newlib/libc/stdlib/../../../../../newlib/libc/stdlib/exit.c:70: undefined reference to `_exit'
collect2: error: ld returned 1 exit status
CMakeFiles/cmTC_79eaa.dir/build.make:98: recipe for target 'cmTC_79eaa' failed
make[1]: *** [cmTC_79eaa] Error 1
make[1]: Leaving directory '/home/avinash/Github/WeBR/hAUptic-paddle/Software/devices/pico_allegroMR/build/CMakeFiles/CMakeTmp'
Makefile:127: recipe for target 'cmTC_79eaa/fast' failed
make: *** [cmTC_79eaa/fast] Error 2



